[0.118s] DEBUG:colcon:Command line arguments: ['/usr/bin/colcon', 'build']
[0.118s] DEBUG:colcon:Parsed command line arguments: Namespace(log_base=None, log_level=None, verb_name='build', build_base='build', install_base='install', merge_install=False, symlink_install=False, test_result_base=None, continue_on_error=False, executor='parallel', parallel_workers=8, event_handlers=None, ignore_user_meta=False, metas=['./colcon.meta'], base_paths=['.'], packages_ignore=None, packages_ignore_regex=None, paths=None, packages_up_to=None, packages_up_to_regex=None, packages_above=None, packages_above_and_dependencies=None, packages_above_depth=None, packages_select_by_dep=None, packages_skip_by_dep=None, packages_skip_up_to=None, packages_select_build_failed=False, packages_skip_build_finished=False, packages_select_test_failures=False, packages_skip_test_passed=False, packages_select=None, packages_skip=None, packages_select_regex=None, packages_skip_regex=None, packages_start=None, packages_end=None, cmake_args=None, cmake_target=None, cmake_target_skip_unavailable=False, cmake_clean_cache=False, cmake_clean_first=False, cmake_force_configure=False, ament_cmake_args=None, catkin_cmake_args=None, catkin_skip_building_tests=False, mixin_files=None, mixin=None, verb_parser=<colcon_mixin.mixin.mixin_argument.MixinArgumentDecorator object at 0x7f6ee2038cd0>, verb_extension=<colcon_core.verb.build.BuildVerb object at 0x7f6ee20384f0>, main=<bound method BuildVerb.main of <colcon_core.verb.build.BuildVerb object at 0x7f6ee20384f0>>, mixin_verb=('build',))
[0.161s] Level 1:colcon.colcon_core.package_discovery:discover_packages(colcon_meta) check parameters
[0.162s] Level 1:colcon.colcon_core.package_discovery:discover_packages(recursive) check parameters
[0.162s] Level 1:colcon.colcon_core.package_discovery:discover_packages(ignore) check parameters
[0.162s] Level 1:colcon.colcon_core.package_discovery:discover_packages(path) check parameters
[0.162s] Level 1:colcon.colcon_core.package_discovery:discover_packages(colcon_meta) discover
[0.162s] Level 1:colcon.colcon_core.package_discovery:discover_packages(recursive) discover
[0.162s] INFO:colcon.colcon_core.package_discovery:Crawling recursively for packages in '/home/user/ros2_ws/src/citylab_project'
[0.162s] Level 1:colcon.colcon_core.package_identification:_identify(.) by extensions ['ignore', 'ignore_ament_install']
[0.162s] Level 1:colcon.colcon_core.package_identification:_identify(.) by extension 'ignore'
[0.162s] Level 1:colcon.colcon_core.package_identification:_identify(.) by extension 'ignore_ament_install'
[0.162s] Level 1:colcon.colcon_core.package_identification:_identify(.) by extensions ['colcon_pkg']
[0.162s] Level 1:colcon.colcon_core.package_identification:_identify(.) by extension 'colcon_pkg'
[0.163s] Level 1:colcon.colcon_core.package_identification:_identify(.) by extensions ['colcon_meta']
[0.163s] Level 1:colcon.colcon_core.package_identification:_identify(.) by extension 'colcon_meta'
[0.163s] Level 1:colcon.colcon_core.package_identification:_identify(.) by extensions ['ros']
[0.163s] Level 1:colcon.colcon_core.package_identification:_identify(.) by extension 'ros'
[0.178s] Level 1:colcon.colcon_core.package_identification:_identify(.) by extensions ['cmake', 'python']
[0.178s] Level 1:colcon.colcon_core.package_identification:_identify(.) by extension 'cmake'
[0.178s] Level 1:colcon.colcon_core.package_identification:_identify(.) by extension 'python'
[0.178s] Level 1:colcon.colcon_core.package_identification:_identify(.) by extensions ['python_setup_py']
[0.178s] Level 1:colcon.colcon_core.package_identification:_identify(.) by extension 'python_setup_py'
[0.178s] Level 1:colcon.colcon_core.package_identification:_identify(build) by extensions ['ignore', 'ignore_ament_install']
[0.178s] Level 1:colcon.colcon_core.package_identification:_identify(build) by extension 'ignore'
[0.178s] Level 1:colcon.colcon_core.package_identification:_identify(build) ignored
[0.178s] Level 1:colcon.colcon_core.package_identification:_identify(custom_interfaces) by extensions ['ignore', 'ignore_ament_install']
[0.179s] Level 1:colcon.colcon_core.package_identification:_identify(custom_interfaces) by extension 'ignore'
[0.179s] Level 1:colcon.colcon_core.package_identification:_identify(custom_interfaces) by extension 'ignore_ament_install'
[0.179s] Level 1:colcon.colcon_core.package_identification:_identify(custom_interfaces) by extensions ['colcon_pkg']
[0.179s] Level 1:colcon.colcon_core.package_identification:_identify(custom_interfaces) by extension 'colcon_pkg'
[0.179s] Level 1:colcon.colcon_core.package_identification:_identify(custom_interfaces) by extensions ['colcon_meta']
[0.179s] Level 1:colcon.colcon_core.package_identification:_identify(custom_interfaces) by extension 'colcon_meta'
[0.179s] Level 1:colcon.colcon_core.package_identification:_identify(custom_interfaces) by extensions ['ros']
[0.179s] Level 1:colcon.colcon_core.package_identification:_identify(custom_interfaces) by extension 'ros'
[0.182s] DEBUG:colcon.colcon_core.package_identification:Package 'custom_interfaces' with type 'ros.ament_cmake' and name 'custom_interfaces'
[0.182s] Level 1:colcon.colcon_core.package_identification:_identify(install) by extensions ['ignore', 'ignore_ament_install']
[0.182s] Level 1:colcon.colcon_core.package_identification:_identify(install) by extension 'ignore'
[0.182s] Level 1:colcon.colcon_core.package_identification:_identify(install) ignored
[0.182s] Level 1:colcon.colcon_core.package_identification:_identify(log) by extensions ['ignore', 'ignore_ament_install']
[0.182s] Level 1:colcon.colcon_core.package_identification:_identify(log) by extension 'ignore'
[0.182s] Level 1:colcon.colcon_core.package_identification:_identify(log) ignored
[0.182s] Level 1:colcon.colcon_core.package_identification:_identify(robot_patrol) by extensions ['ignore', 'ignore_ament_install']
[0.183s] Level 1:colcon.colcon_core.package_identification:_identify(robot_patrol) by extension 'ignore'
[0.183s] Level 1:colcon.colcon_core.package_identification:_identify(robot_patrol) by extension 'ignore_ament_install'
[0.183s] Level 1:colcon.colcon_core.package_identification:_identify(robot_patrol) by extensions ['colcon_pkg']
[0.183s] Level 1:colcon.colcon_core.package_identification:_identify(robot_patrol) by extension 'colcon_pkg'
[0.183s] Level 1:colcon.colcon_core.package_identification:_identify(robot_patrol) by extensions ['colcon_meta']
[0.183s] Level 1:colcon.colcon_core.package_identification:_identify(robot_patrol) by extension 'colcon_meta'
[0.183s] Level 1:colcon.colcon_core.package_identification:_identify(robot_patrol) by extensions ['ros']
[0.183s] Level 1:colcon.colcon_core.package_identification:_identify(robot_patrol) by extension 'ros'
[0.184s] DEBUG:colcon.colcon_core.package_identification:Package 'robot_patrol' with type 'ros.ament_cmake' and name 'robot_patrol'
[0.184s] Level 1:colcon.colcon_core.package_discovery:discover_packages(recursive) using defaults
[0.184s] Level 1:colcon.colcon_core.package_discovery:discover_packages(ignore) discover
[0.184s] Level 1:colcon.colcon_core.package_discovery:discover_packages(ignore) using defaults
[0.184s] Level 1:colcon.colcon_core.package_discovery:discover_packages(path) discover
[0.184s] Level 1:colcon.colcon_core.package_discovery:discover_packages(path) using defaults
[0.209s] Level 5:colcon.colcon_core.verb:set package 'custom_interfaces' build argument 'cmake_args' from command line to 'None'
[0.209s] Level 5:colcon.colcon_core.verb:set package 'custom_interfaces' build argument 'cmake_target' from command line to 'None'
[0.209s] Level 5:colcon.colcon_core.verb:set package 'custom_interfaces' build argument 'cmake_target_skip_unavailable' from command line to 'False'
[0.209s] Level 5:colcon.colcon_core.verb:set package 'custom_interfaces' build argument 'cmake_clean_cache' from command line to 'False'
[0.209s] Level 5:colcon.colcon_core.verb:set package 'custom_interfaces' build argument 'cmake_clean_first' from command line to 'False'
[0.209s] Level 5:colcon.colcon_core.verb:set package 'custom_interfaces' build argument 'cmake_force_configure' from command line to 'False'
[0.210s] Level 5:colcon.colcon_core.verb:set package 'custom_interfaces' build argument 'ament_cmake_args' from command line to 'None'
[0.210s] Level 5:colcon.colcon_core.verb:set package 'custom_interfaces' build argument 'catkin_cmake_args' from command line to 'None'
[0.210s] Level 5:colcon.colcon_core.verb:set package 'custom_interfaces' build argument 'catkin_skip_building_tests' from command line to 'False'
[0.210s] DEBUG:colcon.colcon_core.verb:Building package 'custom_interfaces' with the following arguments: {'ament_cmake_args': None, 'build_base': '/home/user/ros2_ws/src/citylab_project/build/custom_interfaces', 'catkin_cmake_args': None, 'catkin_skip_building_tests': False, 'cmake_args': None, 'cmake_clean_cache': False, 'cmake_clean_first': False, 'cmake_force_configure': False, 'cmake_target': None, 'cmake_target_skip_unavailable': False, 'install_base': '/home/user/ros2_ws/src/citylab_project/install/custom_interfaces', 'merge_install': False, 'path': '/home/user/ros2_ws/src/citylab_project/custom_interfaces', 'symlink_install': False, 'test_result_base': None}
[0.210s] Level 5:colcon.colcon_core.verb:set package 'robot_patrol' build argument 'cmake_args' from command line to 'None'
[0.210s] Level 5:colcon.colcon_core.verb:set package 'robot_patrol' build argument 'cmake_target' from command line to 'None'
[0.210s] Level 5:colcon.colcon_core.verb:set package 'robot_patrol' build argument 'cmake_target_skip_unavailable' from command line to 'False'
[0.210s] Level 5:colcon.colcon_core.verb:set package 'robot_patrol' build argument 'cmake_clean_cache' from command line to 'False'
[0.210s] Level 5:colcon.colcon_core.verb:set package 'robot_patrol' build argument 'cmake_clean_first' from command line to 'False'
[0.210s] Level 5:colcon.colcon_core.verb:set package 'robot_patrol' build argument 'cmake_force_configure' from command line to 'False'
[0.210s] Level 5:colcon.colcon_core.verb:set package 'robot_patrol' build argument 'ament_cmake_args' from command line to 'None'
[0.210s] Level 5:colcon.colcon_core.verb:set package 'robot_patrol' build argument 'catkin_cmake_args' from command line to 'None'
[0.210s] Level 5:colcon.colcon_core.verb:set package 'robot_patrol' build argument 'catkin_skip_building_tests' from command line to 'False'
[0.210s] DEBUG:colcon.colcon_core.verb:Building package 'robot_patrol' with the following arguments: {'ament_cmake_args': None, 'build_base': '/home/user/ros2_ws/src/citylab_project/build/robot_patrol', 'catkin_cmake_args': None, 'catkin_skip_building_tests': False, 'cmake_args': None, 'cmake_clean_cache': False, 'cmake_clean_first': False, 'cmake_force_configure': False, 'cmake_target': None, 'cmake_target_skip_unavailable': False, 'install_base': '/home/user/ros2_ws/src/citylab_project/install/robot_patrol', 'merge_install': False, 'path': '/home/user/ros2_ws/src/citylab_project/robot_patrol', 'symlink_install': False, 'test_result_base': None}
[0.211s] INFO:colcon.colcon_core.executor:Executing jobs using 'parallel' executor
[0.212s] DEBUG:colcon.colcon_parallel_executor.executor.parallel:run_until_complete
[0.212s] INFO:colcon.colcon_ros.task.ament_cmake.build:Building ROS package in '/home/user/ros2_ws/src/citylab_project/custom_interfaces' with build type 'ament_cmake'
[0.212s] INFO:colcon.colcon_cmake.task.cmake.build:Building CMake package in '/home/user/ros2_ws/src/citylab_project/custom_interfaces'
[0.215s] INFO:colcon.colcon_core.plugin_system:Skipping extension 'colcon_core.shell.bat': Not used on non-Windows systems
[0.215s] INFO:colcon.colcon_core.shell:Skip shell extension 'powershell' for command environment: Not usable outside of PowerShell
[0.215s] DEBUG:colcon.colcon_core.shell:Skip shell extension 'dsv' for command environment
[0.230s] DEBUG:colcon.colcon_core.event_handler.log_command:Invoking command in '/home/user/ros2_ws/src/citylab_project/build/custom_interfaces': CMAKE_PREFIX_PATH=${CMAKE_PREFIX_PATH}:/opt/ros/humble:/home/simulations/ros2_sims_ws/install/robot_description _=/usr/bin/env /usr/bin/cmake --build /home/user/ros2_ws/src/citylab_project/build/custom_interfaces -- -j8 -l8
[0.665s] DEBUG:colcon.colcon_core.event_handler.log_command:Invoked command in '/home/user/ros2_ws/src/citylab_project/build/custom_interfaces' returned '0': CMAKE_PREFIX_PATH=${CMAKE_PREFIX_PATH}:/opt/ros/humble:/home/simulations/ros2_sims_ws/install/robot_description _=/usr/bin/env /usr/bin/cmake --build /home/user/ros2_ws/src/citylab_project/build/custom_interfaces -- -j8 -l8
[0.676s] DEBUG:colcon.colcon_core.event_handler.log_command:Invoking command in '/home/user/ros2_ws/src/citylab_project/build/custom_interfaces': CMAKE_PREFIX_PATH=${CMAKE_PREFIX_PATH}:/opt/ros/humble:/home/simulations/ros2_sims_ws/install/robot_description _=/usr/bin/env /usr/bin/cmake --install /home/user/ros2_ws/src/citylab_project/build/custom_interfaces
[0.734s] Level 1:colcon.colcon_core.environment:create_environment_scripts_only(custom_interfaces)
[0.734s] DEBUG:colcon.colcon_core.event_handler.log_command:Invoked command in '/home/user/ros2_ws/src/citylab_project/build/custom_interfaces' returned '0': CMAKE_PREFIX_PATH=${CMAKE_PREFIX_PATH}:/opt/ros/humble:/home/simulations/ros2_sims_ws/install/robot_description _=/usr/bin/env /usr/bin/cmake --install /home/user/ros2_ws/src/citylab_project/build/custom_interfaces
[0.736s] Level 1:colcon.colcon_core.environment:checking '/home/user/ros2_ws/src/citylab_project/install/custom_interfaces' for CMake module files
[0.737s] Level 1:colcon.colcon_core.environment:checking '/home/user/ros2_ws/src/citylab_project/install/custom_interfaces' for CMake config files
[0.738s] Level 1:colcon.colcon_core.shell:create_environment_hook('custom_interfaces', 'cmake_prefix_path')
[0.738s] INFO:colcon.colcon_core.shell:Creating environment hook '/home/user/ros2_ws/src/citylab_project/install/custom_interfaces/share/custom_interfaces/hook/cmake_prefix_path.ps1'
[0.739s] INFO:colcon.colcon_core.shell:Creating environment descriptor '/home/user/ros2_ws/src/citylab_project/install/custom_interfaces/share/custom_interfaces/hook/cmake_prefix_path.dsv'
[0.739s] INFO:colcon.colcon_core.shell:Creating environment hook '/home/user/ros2_ws/src/citylab_project/install/custom_interfaces/share/custom_interfaces/hook/cmake_prefix_path.sh'
[0.740s] Level 1:colcon.colcon_core.environment:checking '/home/user/ros2_ws/src/citylab_project/install/custom_interfaces/lib'
[0.740s] Level 1:colcon.colcon_core.shell:create_environment_hook('custom_interfaces', 'ld_library_path_lib')
[0.740s] INFO:colcon.colcon_core.shell:Creating environment hook '/home/user/ros2_ws/src/citylab_project/install/custom_interfaces/share/custom_interfaces/hook/ld_library_path_lib.ps1'
[0.741s] INFO:colcon.colcon_core.shell:Creating environment descriptor '/home/user/ros2_ws/src/citylab_project/install/custom_interfaces/share/custom_interfaces/hook/ld_library_path_lib.dsv'
[0.741s] INFO:colcon.colcon_core.shell:Creating environment hook '/home/user/ros2_ws/src/citylab_project/install/custom_interfaces/share/custom_interfaces/hook/ld_library_path_lib.sh'
[0.742s] Level 1:colcon.colcon_core.environment:checking '/home/user/ros2_ws/src/citylab_project/install/custom_interfaces/bin'
[0.742s] Level 1:colcon.colcon_core.environment:checking '/home/user/ros2_ws/src/citylab_project/install/custom_interfaces/lib/pkgconfig/custom_interfaces.pc'
[0.743s] Level 1:colcon.colcon_core.environment:checking '/home/user/ros2_ws/src/citylab_project/install/custom_interfaces/lib/python3.10/site-packages'
[0.743s] Level 1:colcon.colcon_core.environment:checking '/home/user/ros2_ws/src/citylab_project/install/custom_interfaces/bin'
[0.743s] INFO:colcon.colcon_core.shell:Creating package script '/home/user/ros2_ws/src/citylab_project/install/custom_interfaces/share/custom_interfaces/package.ps1'
[0.744s] INFO:colcon.colcon_core.shell:Creating package descriptor '/home/user/ros2_ws/src/citylab_project/install/custom_interfaces/share/custom_interfaces/package.dsv'
[0.745s] INFO:colcon.colcon_core.shell:Creating package script '/home/user/ros2_ws/src/citylab_project/install/custom_interfaces/share/custom_interfaces/package.sh'
[0.745s] INFO:colcon.colcon_core.shell:Creating package script '/home/user/ros2_ws/src/citylab_project/install/custom_interfaces/share/custom_interfaces/package.bash'
[0.746s] INFO:colcon.colcon_core.shell:Creating package script '/home/user/ros2_ws/src/citylab_project/install/custom_interfaces/share/custom_interfaces/package.zsh'
[0.747s] Level 1:colcon.colcon_core.environment:create_file_with_runtime_dependencies(/home/user/ros2_ws/src/citylab_project/install/custom_interfaces/share/colcon-core/packages/custom_interfaces)
[0.748s] Level 1:colcon.colcon_core.environment:create_environment_scripts_only(custom_interfaces)
[0.748s] Level 1:colcon.colcon_core.environment:checking '/home/user/ros2_ws/src/citylab_project/install/custom_interfaces' for CMake module files
[0.749s] Level 1:colcon.colcon_core.environment:checking '/home/user/ros2_ws/src/citylab_project/install/custom_interfaces' for CMake config files
[0.749s] Level 1:colcon.colcon_core.shell:create_environment_hook('custom_interfaces', 'cmake_prefix_path')
[0.750s] INFO:colcon.colcon_core.shell:Creating environment hook '/home/user/ros2_ws/src/citylab_project/install/custom_interfaces/share/custom_interfaces/hook/cmake_prefix_path.ps1'
[0.750s] INFO:colcon.colcon_core.shell:Creating environment descriptor '/home/user/ros2_ws/src/citylab_project/install/custom_interfaces/share/custom_interfaces/hook/cmake_prefix_path.dsv'
[0.750s] INFO:colcon.colcon_core.shell:Creating environment hook '/home/user/ros2_ws/src/citylab_project/install/custom_interfaces/share/custom_interfaces/hook/cmake_prefix_path.sh'
[0.751s] Level 1:colcon.colcon_core.environment:checking '/home/user/ros2_ws/src/citylab_project/install/custom_interfaces/lib'
[0.751s] Level 1:colcon.colcon_core.shell:create_environment_hook('custom_interfaces', 'ld_library_path_lib')
[0.751s] INFO:colcon.colcon_core.shell:Creating environment hook '/home/user/ros2_ws/src/citylab_project/install/custom_interfaces/share/custom_interfaces/hook/ld_library_path_lib.ps1'
[0.752s] INFO:colcon.colcon_core.shell:Creating environment descriptor '/home/user/ros2_ws/src/citylab_project/install/custom_interfaces/share/custom_interfaces/hook/ld_library_path_lib.dsv'
[0.752s] INFO:colcon.colcon_core.shell:Creating environment hook '/home/user/ros2_ws/src/citylab_project/install/custom_interfaces/share/custom_interfaces/hook/ld_library_path_lib.sh'
[0.752s] Level 1:colcon.colcon_core.environment:checking '/home/user/ros2_ws/src/citylab_project/install/custom_interfaces/bin'
[0.752s] Level 1:colcon.colcon_core.environment:checking '/home/user/ros2_ws/src/citylab_project/install/custom_interfaces/lib/pkgconfig/custom_interfaces.pc'
[0.753s] Level 1:colcon.colcon_core.environment:checking '/home/user/ros2_ws/src/citylab_project/install/custom_interfaces/lib/python3.10/site-packages'
[0.753s] Level 1:colcon.colcon_core.environment:checking '/home/user/ros2_ws/src/citylab_project/install/custom_interfaces/bin'
[0.753s] INFO:colcon.colcon_core.shell:Creating package script '/home/user/ros2_ws/src/citylab_project/install/custom_interfaces/share/custom_interfaces/package.ps1'
[0.754s] INFO:colcon.colcon_core.shell:Creating package descriptor '/home/user/ros2_ws/src/citylab_project/install/custom_interfaces/share/custom_interfaces/package.dsv'
[0.754s] INFO:colcon.colcon_core.shell:Creating package script '/home/user/ros2_ws/src/citylab_project/install/custom_interfaces/share/custom_interfaces/package.sh'
[0.755s] INFO:colcon.colcon_core.shell:Creating package script '/home/user/ros2_ws/src/citylab_project/install/custom_interfaces/share/custom_interfaces/package.bash'
[0.755s] INFO:colcon.colcon_core.shell:Creating package script '/home/user/ros2_ws/src/citylab_project/install/custom_interfaces/share/custom_interfaces/package.zsh'
[0.756s] Level 1:colcon.colcon_core.environment:create_file_with_runtime_dependencies(/home/user/ros2_ws/src/citylab_project/install/custom_interfaces/share/colcon-core/packages/custom_interfaces)
[0.756s] INFO:colcon.colcon_ros.task.ament_cmake.build:Building ROS package in '/home/user/ros2_ws/src/citylab_project/robot_patrol' with build type 'ament_cmake'
[0.756s] INFO:colcon.colcon_cmake.task.cmake.build:Building CMake package in '/home/user/ros2_ws/src/citylab_project/robot_patrol'
[0.757s] INFO:colcon.colcon_core.shell:Skip shell extension 'powershell' for command environment: Not usable outside of PowerShell
[0.757s] DEBUG:colcon.colcon_core.shell:Skip shell extension 'dsv' for command environment
[0.771s] DEBUG:colcon.colcon_core.event_handler.log_command:Invoking command in '/home/user/ros2_ws/src/citylab_project/build/robot_patrol': AMENT_PREFIX_PATH=/home/user/ros2_ws/src/citylab_project/install/custom_interfaces:${AMENT_PREFIX_PATH} CMAKE_PREFIX_PATH=/home/user/ros2_ws/src/citylab_project/install/custom_interfaces:/home/user/ros2_ws/install/robot_patrol:/home/user/ros2_ws/install/custom_interfaces:/opt/ros/humble:/home/simulations/ros2_sims_ws/install/robot_description LD_LIBRARY_PATH=/home/user/ros2_ws/src/citylab_project/install/custom_interfaces/lib:/usr/local/cuda-10.2/lib64:/home/user/.catkin_ws_python3/src/TensorRT-7.0.0.11/lib:/home/user/ros2_ws/install/robot_patrol/lib:/home/user/ros2_ws/install/custom_interfaces/lib:/opt/ros/humble/opt/rviz_ogre_vendor/lib:/opt/ros/humble/lib/x86_64-linux-gnu:/opt/ros/humble/lib:/usr/local/cuda-10.2/lib64:/home/user/.catkin_ws_python3/src/TensorRT-7.0.0.11/lib:/usr/lib/x86_64-linux-gnu/gazebo-11/plugins:/usr/lib/x86_64-linux-gnu/gazebo-11/plugins:/usr/lib/x86_64-linux-gnu/gazebo-11/plugins PYTHONPATH=/home/user/ros2_ws/src/citylab_project/install/custom_interfaces/local/lib/python3.10/dist-packages:${PYTHONPATH} _=/usr/bin/env /usr/bin/cmake --build /home/user/ros2_ws/src/citylab_project/build/robot_patrol -- -j8 -l8
[11.145s] DEBUG:colcon.colcon_core.event_handler.log_command:Invoked command in '/home/user/ros2_ws/src/citylab_project/build/robot_patrol' returned '0': AMENT_PREFIX_PATH=/home/user/ros2_ws/src/citylab_project/install/custom_interfaces:${AMENT_PREFIX_PATH} CMAKE_PREFIX_PATH=/home/user/ros2_ws/src/citylab_project/install/custom_interfaces:/home/user/ros2_ws/install/robot_patrol:/home/user/ros2_ws/install/custom_interfaces:/opt/ros/humble:/home/simulations/ros2_sims_ws/install/robot_description LD_LIBRARY_PATH=/home/user/ros2_ws/src/citylab_project/install/custom_interfaces/lib:/usr/local/cuda-10.2/lib64:/home/user/.catkin_ws_python3/src/TensorRT-7.0.0.11/lib:/home/user/ros2_ws/install/robot_patrol/lib:/home/user/ros2_ws/install/custom_interfaces/lib:/opt/ros/humble/opt/rviz_ogre_vendor/lib:/opt/ros/humble/lib/x86_64-linux-gnu:/opt/ros/humble/lib:/usr/local/cuda-10.2/lib64:/home/user/.catkin_ws_python3/src/TensorRT-7.0.0.11/lib:/usr/lib/x86_64-linux-gnu/gazebo-11/plugins:/usr/lib/x86_64-linux-gnu/gazebo-11/plugins:/usr/lib/x86_64-linux-gnu/gazebo-11/plugins PYTHONPATH=/home/user/ros2_ws/src/citylab_project/install/custom_interfaces/local/lib/python3.10/dist-packages:${PYTHONPATH} _=/usr/bin/env /usr/bin/cmake --build /home/user/ros2_ws/src/citylab_project/build/robot_patrol -- -j8 -l8
[11.148s] DEBUG:colcon.colcon_core.event_handler.log_command:Invoking command in '/home/user/ros2_ws/src/citylab_project/build/robot_patrol': AMENT_PREFIX_PATH=/home/user/ros2_ws/src/citylab_project/install/custom_interfaces:${AMENT_PREFIX_PATH} CMAKE_PREFIX_PATH=/home/user/ros2_ws/src/citylab_project/install/custom_interfaces:/home/user/ros2_ws/install/robot_patrol:/home/user/ros2_ws/install/custom_interfaces:/opt/ros/humble:/home/simulations/ros2_sims_ws/install/robot_description LD_LIBRARY_PATH=/home/user/ros2_ws/src/citylab_project/install/custom_interfaces/lib:/usr/local/cuda-10.2/lib64:/home/user/.catkin_ws_python3/src/TensorRT-7.0.0.11/lib:/home/user/ros2_ws/install/robot_patrol/lib:/home/user/ros2_ws/install/custom_interfaces/lib:/opt/ros/humble/opt/rviz_ogre_vendor/lib:/opt/ros/humble/lib/x86_64-linux-gnu:/opt/ros/humble/lib:/usr/local/cuda-10.2/lib64:/home/user/.catkin_ws_python3/src/TensorRT-7.0.0.11/lib:/usr/lib/x86_64-linux-gnu/gazebo-11/plugins:/usr/lib/x86_64-linux-gnu/gazebo-11/plugins:/usr/lib/x86_64-linux-gnu/gazebo-11/plugins PYTHONPATH=/home/user/ros2_ws/src/citylab_project/install/custom_interfaces/local/lib/python3.10/dist-packages:${PYTHONPATH} _=/usr/bin/env /usr/bin/cmake --install /home/user/ros2_ws/src/citylab_project/build/robot_patrol
[11.216s] Level 1:colcon.colcon_core.environment:create_environment_scripts_only(robot_patrol)
[11.216s] Level 1:colcon.colcon_core.environment:checking '/home/user/ros2_ws/src/citylab_project/install/robot_patrol' for CMake module files
[11.216s] DEBUG:colcon.colcon_core.event_handler.log_command:Invoked command in '/home/user/ros2_ws/src/citylab_project/build/robot_patrol' returned '0': AMENT_PREFIX_PATH=/home/user/ros2_ws/src/citylab_project/install/custom_interfaces:${AMENT_PREFIX_PATH} CMAKE_PREFIX_PATH=/home/user/ros2_ws/src/citylab_project/install/custom_interfaces:/home/user/ros2_ws/install/robot_patrol:/home/user/ros2_ws/install/custom_interfaces:/opt/ros/humble:/home/simulations/ros2_sims_ws/install/robot_description LD_LIBRARY_PATH=/home/user/ros2_ws/src/citylab_project/install/custom_interfaces/lib:/usr/local/cuda-10.2/lib64:/home/user/.catkin_ws_python3/src/TensorRT-7.0.0.11/lib:/home/user/ros2_ws/install/robot_patrol/lib:/home/user/ros2_ws/install/custom_interfaces/lib:/opt/ros/humble/opt/rviz_ogre_vendor/lib:/opt/ros/humble/lib/x86_64-linux-gnu:/opt/ros/humble/lib:/usr/local/cuda-10.2/lib64:/home/user/.catkin_ws_python3/src/TensorRT-7.0.0.11/lib:/usr/lib/x86_64-linux-gnu/gazebo-11/plugins:/usr/lib/x86_64-linux-gnu/gazebo-11/plugins:/usr/lib/x86_64-linux-gnu/gazebo-11/plugins PYTHONPATH=/home/user/ros2_ws/src/citylab_project/install/custom_interfaces/local/lib/python3.10/dist-packages:${PYTHONPATH} _=/usr/bin/env /usr/bin/cmake --install /home/user/ros2_ws/src/citylab_project/build/robot_patrol
[11.217s] Level 1:colcon.colcon_core.environment:checking '/home/user/ros2_ws/src/citylab_project/install/robot_patrol' for CMake config files
[11.218s] Level 1:colcon.colcon_core.shell:create_environment_hook('robot_patrol', 'cmake_prefix_path')
[11.218s] INFO:colcon.colcon_core.shell:Creating environment hook '/home/user/ros2_ws/src/citylab_project/install/robot_patrol/share/robot_patrol/hook/cmake_prefix_path.ps1'
[11.218s] INFO:colcon.colcon_core.shell:Creating environment descriptor '/home/user/ros2_ws/src/citylab_project/install/robot_patrol/share/robot_patrol/hook/cmake_prefix_path.dsv'
[11.219s] INFO:colcon.colcon_core.shell:Creating environment hook '/home/user/ros2_ws/src/citylab_project/install/robot_patrol/share/robot_patrol/hook/cmake_prefix_path.sh'
[11.219s] Level 1:colcon.colcon_core.environment:checking '/home/user/ros2_ws/src/citylab_project/install/robot_patrol/lib'
[11.219s] Level 1:colcon.colcon_core.shell:create_environment_hook('robot_patrol', 'ld_library_path_lib')
[11.220s] INFO:colcon.colcon_core.shell:Creating environment hook '/home/user/ros2_ws/src/citylab_project/install/robot_patrol/share/robot_patrol/hook/ld_library_path_lib.ps1'
[11.220s] INFO:colcon.colcon_core.shell:Creating environment descriptor '/home/user/ros2_ws/src/citylab_project/install/robot_patrol/share/robot_patrol/hook/ld_library_path_lib.dsv'
[11.220s] INFO:colcon.colcon_core.shell:Creating environment hook '/home/user/ros2_ws/src/citylab_project/install/robot_patrol/share/robot_patrol/hook/ld_library_path_lib.sh'
[11.221s] Level 1:colcon.colcon_core.environment:checking '/home/user/ros2_ws/src/citylab_project/install/robot_patrol/bin'
[11.221s] Level 1:colcon.colcon_core.environment:checking '/home/user/ros2_ws/src/citylab_project/install/robot_patrol/lib/pkgconfig/robot_patrol.pc'
[11.221s] Level 1:colcon.colcon_core.environment:checking '/home/user/ros2_ws/src/citylab_project/install/robot_patrol/lib/python3.10/site-packages'
[11.221s] Level 1:colcon.colcon_core.environment:checking '/home/user/ros2_ws/src/citylab_project/install/robot_patrol/bin'
[11.222s] INFO:colcon.colcon_core.shell:Creating package script '/home/user/ros2_ws/src/citylab_project/install/robot_patrol/share/robot_patrol/package.ps1'
[11.222s] INFO:colcon.colcon_core.shell:Creating package descriptor '/home/user/ros2_ws/src/citylab_project/install/robot_patrol/share/robot_patrol/package.dsv'
[11.223s] INFO:colcon.colcon_core.shell:Creating package script '/home/user/ros2_ws/src/citylab_project/install/robot_patrol/share/robot_patrol/package.sh'
[11.223s] INFO:colcon.colcon_core.shell:Creating package script '/home/user/ros2_ws/src/citylab_project/install/robot_patrol/share/robot_patrol/package.bash'
[11.223s] INFO:colcon.colcon_core.shell:Creating package script '/home/user/ros2_ws/src/citylab_project/install/robot_patrol/share/robot_patrol/package.zsh'
[11.224s] Level 1:colcon.colcon_core.environment:create_file_with_runtime_dependencies(/home/user/ros2_ws/src/citylab_project/install/robot_patrol/share/colcon-core/packages/robot_patrol)
[11.225s] Level 1:colcon.colcon_core.environment:create_environment_scripts_only(robot_patrol)
[11.225s] Level 1:colcon.colcon_core.environment:checking '/home/user/ros2_ws/src/citylab_project/install/robot_patrol' for CMake module files
[11.226s] Level 1:colcon.colcon_core.environment:checking '/home/user/ros2_ws/src/citylab_project/install/robot_patrol' for CMake config files
[11.226s] Level 1:colcon.colcon_core.shell:create_environment_hook('robot_patrol', 'cmake_prefix_path')
[11.226s] INFO:colcon.colcon_core.shell:Creating environment hook '/home/user/ros2_ws/src/citylab_project/install/robot_patrol/share/robot_patrol/hook/cmake_prefix_path.ps1'
[11.227s] INFO:colcon.colcon_core.shell:Creating environment descriptor '/home/user/ros2_ws/src/citylab_project/install/robot_patrol/share/robot_patrol/hook/cmake_prefix_path.dsv'
[11.227s] INFO:colcon.colcon_core.shell:Creating environment hook '/home/user/ros2_ws/src/citylab_project/install/robot_patrol/share/robot_patrol/hook/cmake_prefix_path.sh'
[11.228s] Level 1:colcon.colcon_core.environment:checking '/home/user/ros2_ws/src/citylab_project/install/robot_patrol/lib'
[11.228s] Level 1:colcon.colcon_core.shell:create_environment_hook('robot_patrol', 'ld_library_path_lib')
[11.228s] INFO:colcon.colcon_core.shell:Creating environment hook '/home/user/ros2_ws/src/citylab_project/install/robot_patrol/share/robot_patrol/hook/ld_library_path_lib.ps1'
[11.228s] INFO:colcon.colcon_core.shell:Creating environment descriptor '/home/user/ros2_ws/src/citylab_project/install/robot_patrol/share/robot_patrol/hook/ld_library_path_lib.dsv'
[11.229s] INFO:colcon.colcon_core.shell:Creating environment hook '/home/user/ros2_ws/src/citylab_project/install/robot_patrol/share/robot_patrol/hook/ld_library_path_lib.sh'
[11.229s] Level 1:colcon.colcon_core.environment:checking '/home/user/ros2_ws/src/citylab_project/install/robot_patrol/bin'
[11.229s] Level 1:colcon.colcon_core.environment:checking '/home/user/ros2_ws/src/citylab_project/install/robot_patrol/lib/pkgconfig/robot_patrol.pc'
[11.229s] Level 1:colcon.colcon_core.environment:checking '/home/user/ros2_ws/src/citylab_project/install/robot_patrol/lib/python3.10/site-packages'
[11.230s] Level 1:colcon.colcon_core.environment:checking '/home/user/ros2_ws/src/citylab_project/install/robot_patrol/bin'
[11.230s] INFO:colcon.colcon_core.shell:Creating package script '/home/user/ros2_ws/src/citylab_project/install/robot_patrol/share/robot_patrol/package.ps1'
[11.230s] INFO:colcon.colcon_core.shell:Creating package descriptor '/home/user/ros2_ws/src/citylab_project/install/robot_patrol/share/robot_patrol/package.dsv'
[11.231s] INFO:colcon.colcon_core.shell:Creating package script '/home/user/ros2_ws/src/citylab_project/install/robot_patrol/share/robot_patrol/package.sh'
[11.231s] INFO:colcon.colcon_core.shell:Creating package script '/home/user/ros2_ws/src/citylab_project/install/robot_patrol/share/robot_patrol/package.bash'
[11.232s] INFO:colcon.colcon_core.shell:Creating package script '/home/user/ros2_ws/src/citylab_project/install/robot_patrol/share/robot_patrol/package.zsh'
[11.232s] Level 1:colcon.colcon_core.environment:create_file_with_runtime_dependencies(/home/user/ros2_ws/src/citylab_project/install/robot_patrol/share/colcon-core/packages/robot_patrol)
[11.233s] DEBUG:colcon.colcon_parallel_executor.executor.parallel:closing loop
[11.233s] DEBUG:colcon.colcon_parallel_executor.executor.parallel:loop closed
[11.233s] DEBUG:colcon.colcon_parallel_executor.executor.parallel:run_until_complete finished with '0'
[11.233s] DEBUG:colcon.colcon_core.event_reactor:joining thread
[11.238s] INFO:colcon.colcon_core.plugin_system:Skipping extension 'colcon_notification.desktop_notification.notify_send': Could not find 'notify-send'
[11.238s] INFO:colcon.colcon_core.plugin_system:Skipping extension 'colcon_notification.desktop_notification.terminal_notifier': Not used on non-Darwin systems
[11.238s] INFO:colcon.colcon_core.plugin_system:Skipping extension 'colcon_notification.desktop_notification.win32': Not used on non-Windows systems
[11.238s] INFO:colcon.colcon_notification.desktop_notification:Sending desktop notification using 'notify2'
[11.241s] DEBUG:colcon.colcon_notification.desktop_notification.notify2:Failed to initialize notify2: org.freedesktop.DBus.Error.Spawn.ExecFailed: /usr/bin/dbus-launch terminated abnormally without any error message
[11.241s] DEBUG:colcon.colcon_core.event_reactor:joined thread
[11.241s] INFO:colcon.colcon_core.shell:Creating prefix script '/home/user/ros2_ws/src/citylab_project/install/local_setup.ps1'
[11.243s] INFO:colcon.colcon_core.shell:Creating prefix util module '/home/user/ros2_ws/src/citylab_project/install/_local_setup_util_ps1.py'
[11.244s] INFO:colcon.colcon_core.shell:Creating prefix chain script '/home/user/ros2_ws/src/citylab_project/install/setup.ps1'
[11.245s] INFO:colcon.colcon_core.shell:Creating prefix script '/home/user/ros2_ws/src/citylab_project/install/local_setup.sh'
[11.246s] INFO:colcon.colcon_core.shell:Creating prefix util module '/home/user/ros2_ws/src/citylab_project/install/_local_setup_util_sh.py'
[11.246s] INFO:colcon.colcon_core.shell:Creating prefix chain script '/home/user/ros2_ws/src/citylab_project/install/setup.sh'
[11.249s] INFO:colcon.colcon_core.shell:Creating prefix script '/home/user/ros2_ws/src/citylab_project/install/local_setup.bash'
[11.249s] INFO:colcon.colcon_core.shell:Creating prefix chain script '/home/user/ros2_ws/src/citylab_project/install/setup.bash'
[11.250s] INFO:colcon.colcon_core.shell:Creating prefix script '/home/user/ros2_ws/src/citylab_project/install/local_setup.zsh'
[11.251s] INFO:colcon.colcon_core.shell:Creating prefix chain script '/home/user/ros2_ws/src/citylab_project/install/setup.zsh'
