[35m[1mConsolidate compiler generated dependencies of target direction_service[0m
[  4%] Built target robot_patrol__cpp
[  9%] Built target robot_patrol__rosidl_generator_c
[ 14%] Built target robot_patrol_executable
[ 19%] Built target robot_patrol_executable2
[ 24%] Built target test_service
[ 24%] Built target ament_cmake_python_copy_robot_patrol
[ 26%] [32mBuilding CXX object CMakeFiles/direction_service.dir/src/direction_service.cpp.o[0m
[ 34%] Built target robot_patrol__rosidl_typesupport_introspection_cpp
[ 41%] Built target robot_patrol__rosidl_typesupport_cpp
[ 48%] Built target robot_patrol__rosidl_typesupport_introspection_c
[ 56%] Built target robot_patrol__rosidl_typesupport_fastrtps_cpp
[ 70%] Built target robot_patrol__rosidl_typesupport_fastrtps_c
[ 70%] Built target robot_patrol__rosidl_typesupport_c
[ 70%] Built target robot_patrol
[ 73%] Built target robot_patrol__py
[ 78%] Built target action_service
[ 82%] Built target robot_patrol__rosidl_generator_py
[ 87%] Built target robot_patrol__rosidl_typesupport_fastrtps_c__pyext
[ 92%] Built target robot_patrol__rosidl_typesupport_c__pyext
[ 97%] Built target robot_patrol__rosidl_typesupport_introspection_c__pyext
running egg_info
writing robot_patrol.egg-info/PKG-INFO
writing dependency_links to robot_patrol.egg-info/dependency_links.txt
writing top-level names to robot_patrol.egg-info/top_level.txt
reading manifest file 'robot_patrol.egg-info/SOURCES.txt'
writing manifest file 'robot_patrol.egg-info/SOURCES.txt'
[ 97%] Built target ament_cmake_python_build_robot_patrol_egg
[100%] [32m[1mLinking CXX executable direction_service[0m
[100%] Built target direction_service
-- Install configuration: ""
-- Up-to-date: /home/user/ros2_ws/src/citylab_project/install/robot_patrol/lib/robot_patrol/robot_patrol_executable
-- Up-to-date: /home/user/ros2_ws/src/citylab_project/install/robot_patrol/lib/robot_patrol/robot_patrol_executable2
-- Installing: /home/user/ros2_ws/src/citylab_project/install/robot_patrol/lib/robot_patrol/direction_service
-- Set runtime path of "/home/user/ros2_ws/src/citylab_project/install/robot_patrol/lib/robot_patrol/direction_service" to ""
-- Up-to-date: /home/user/ros2_ws/src/citylab_project/install/robot_patrol/lib/robot_patrol/test_service
-- Up-to-date: /home/user/ros2_ws/src/citylab_project/install/robot_patrol/lib/robot_patrol/action_service
-- Up-to-date: /home/user/ros2_ws/src/citylab_project/install/robot_patrol/share/ament_index/resource_index/rosidl_interfaces/robot_patrol
-- Up-to-date: /home/user/ros2_ws/src/citylab_project/install/robot_patrol/include/robot_patrol/robot_patrol
-- Up-to-date: /home/user/ros2_ws/src/citylab_project/install/robot_patrol/include/robot_patrol/robot_patrol/msg
-- Up-to-date: /home/user/ros2_ws/src/citylab_project/install/robot_patrol/include/robot_patrol/robot_patrol/msg/rosidl_generator_c__visibility_control.h
-- Up-to-date: /home/user/ros2_ws/src/citylab_project/install/robot_patrol/include/robot_patrol/robot_patrol/action
-- Up-to-date: /home/user/ros2_ws/src/citylab_project/install/robot_patrol/include/robot_patrol/robot_patrol/action/detail
-- Up-to-date: /home/user/ros2_ws/src/citylab_project/install/robot_patrol/include/robot_patrol/robot_patrol/action/detail/go_to_pose__type_support.h
-- Up-to-date: /home/user/ros2_ws/src/citylab_project/install/robot_patrol/include/robot_patrol/robot_patrol/action/detail/go_to_pose__struct.h
-- Up-to-date: /home/user/ros2_ws/src/citylab_project/install/robot_patrol/include/robot_patrol/robot_patrol/action/detail/go_to_pose__functions.c
-- Up-to-date: /home/user/ros2_ws/src/citylab_project/install/robot_patrol/include/robot_patrol/robot_patrol/action/detail/go_to_pose__functions.h
-- Up-to-date: /home/user/ros2_ws/src/citylab_project/install/robot_patrol/include/robot_patrol/robot_patrol/action/go_to_pose.h
-- Up-to-date: /home/user/ros2_ws/src/citylab_project/install/robot_patrol/share/robot_patrol/environment/library_path.sh
-- Up-to-date: /home/user/ros2_ws/src/citylab_project/install/robot_patrol/share/robot_patrol/environment/library_path.dsv
-- Up-to-date: /home/user/ros2_ws/src/citylab_project/install/robot_patrol/lib/librobot_patrol__rosidl_generator_c.so
-- Up-to-date: /home/user/ros2_ws/src/citylab_project/install/robot_patrol/include/robot_patrol/robot_patrol
-- Up-to-date: /home/user/ros2_ws/src/citylab_project/install/robot_patrol/include/robot_patrol/robot_patrol/msg
-- Up-to-date: /home/user/ros2_ws/src/citylab_project/install/robot_patrol/include/robot_patrol/robot_patrol/msg/rosidl_typesupport_fastrtps_c__visibility_control.h
-- Up-to-date: /home/user/ros2_ws/src/citylab_project/install/robot_patrol/include/robot_patrol/robot_patrol/action
-- Up-to-date: /home/user/ros2_ws/src/citylab_project/install/robot_patrol/include/robot_patrol/robot_patrol/action/detail
-- Up-to-date: /home/user/ros2_ws/src/citylab_project/install/robot_patrol/include/robot_patrol/robot_patrol/action/detail/go_to_pose__rosidl_typesupport_fastrtps_c.h
-- Up-to-date: /home/user/ros2_ws/src/citylab_project/install/robot_patrol/lib/librobot_patrol__rosidl_typesupport_fastrtps_c.so
-- Up-to-date: /home/user/ros2_ws/src/citylab_project/install/robot_patrol/include/robot_patrol/robot_patrol
-- Up-to-date: /home/user/ros2_ws/src/citylab_project/install/robot_patrol/include/robot_patrol/robot_patrol/msg
-- Up-to-date: /home/user/ros2_ws/src/citylab_project/install/robot_patrol/include/robot_patrol/robot_patrol/msg/rosidl_generator_cpp__visibility_control.hpp
-- Up-to-date: /home/user/ros2_ws/src/citylab_project/install/robot_patrol/include/robot_patrol/robot_patrol/action
-- Up-to-date: /home/user/ros2_ws/src/citylab_project/install/robot_patrol/include/robot_patrol/robot_patrol/action/detail
-- Up-to-date: /home/user/ros2_ws/src/citylab_project/install/robot_patrol/include/robot_patrol/robot_patrol/action/detail/go_to_pose__traits.hpp
-- Up-to-date: /home/user/ros2_ws/src/citylab_project/install/robot_patrol/include/robot_patrol/robot_patrol/action/detail/go_to_pose__builder.hpp
-- Up-to-date: /home/user/ros2_ws/src/citylab_project/install/robot_patrol/include/robot_patrol/robot_patrol/action/detail/go_to_pose__type_support.hpp
-- Up-to-date: /home/user/ros2_ws/src/citylab_project/install/robot_patrol/include/robot_patrol/robot_patrol/action/detail/go_to_pose__struct.hpp
-- Up-to-date: /home/user/ros2_ws/src/citylab_project/install/robot_patrol/include/robot_patrol/robot_patrol/action/go_to_pose.hpp
-- Up-to-date: /home/user/ros2_ws/src/citylab_project/install/robot_patrol/include/robot_patrol/robot_patrol
-- Up-to-date: /home/user/ros2_ws/src/citylab_project/install/robot_patrol/include/robot_patrol/robot_patrol/msg
-- Up-to-date: /home/user/ros2_ws/src/citylab_project/install/robot_patrol/include/robot_patrol/robot_patrol/msg/rosidl_typesupport_fastrtps_cpp__visibility_control.h
-- Up-to-date: /home/user/ros2_ws/src/citylab_project/install/robot_patrol/include/robot_patrol/robot_patrol/action
-- Up-to-date: /home/user/ros2_ws/src/citylab_project/install/robot_patrol/include/robot_patrol/robot_patrol/action/detail
-- Up-to-date: /home/user/ros2_ws/src/citylab_project/install/robot_patrol/include/robot_patrol/robot_patrol/action/detail/go_to_pose__rosidl_typesupport_fastrtps_cpp.hpp
-- Up-to-date: /home/user/ros2_ws/src/citylab_project/install/robot_patrol/include/robot_patrol/robot_patrol/action/detail/dds_fastrtps
-- Up-to-date: /home/user/ros2_ws/src/citylab_project/install/robot_patrol/lib/librobot_patrol__rosidl_typesupport_fastrtps_cpp.so
-- Up-to-date: /home/user/ros2_ws/src/citylab_project/install/robot_patrol/include/robot_patrol/robot_patrol
-- Up-to-date: /home/user/ros2_ws/src/citylab_project/install/robot_patrol/include/robot_patrol/robot_patrol/msg
-- Up-to-date: /home/user/ros2_ws/src/citylab_project/install/robot_patrol/include/robot_patrol/robot_patrol/msg/rosidl_typesupport_introspection_c__visibility_control.h
-- Up-to-date: /home/user/ros2_ws/src/citylab_project/install/robot_patrol/include/robot_patrol/robot_patrol/action
-- Up-to-date: /home/user/ros2_ws/src/citylab_project/install/robot_patrol/include/robot_patrol/robot_patrol/action/detail
-- Up-to-date: /home/user/ros2_ws/src/citylab_project/install/robot_patrol/include/robot_patrol/robot_patrol/action/detail/go_to_pose__type_support.c
-- Up-to-date: /home/user/ros2_ws/src/citylab_project/install/robot_patrol/include/robot_patrol/robot_patrol/action/detail/go_to_pose__rosidl_typesupport_introspection_c.h
-- Up-to-date: /home/user/ros2_ws/src/citylab_project/install/robot_patrol/lib/librobot_patrol__rosidl_typesupport_introspection_c.so
-- Up-to-date: /home/user/ros2_ws/src/citylab_project/install/robot_patrol/lib/librobot_patrol__rosidl_typesupport_c.so
-- Up-to-date: /home/user/ros2_ws/src/citylab_project/install/robot_patrol/include/robot_patrol/robot_patrol
-- Up-to-date: /home/user/ros2_ws/src/citylab_project/install/robot_patrol/include/robot_patrol/robot_patrol/action
-- Up-to-date: /home/user/ros2_ws/src/citylab_project/install/robot_patrol/include/robot_patrol/robot_patrol/action/detail
-- Up-to-date: /home/user/ros2_ws/src/citylab_project/install/robot_patrol/include/robot_patrol/robot_patrol/action/detail/go_to_pose__rosidl_typesupport_introspection_cpp.hpp
-- Up-to-date: /home/user/ros2_ws/src/citylab_project/install/robot_patrol/include/robot_patrol/robot_patrol/action/detail/go_to_pose__type_support.cpp
-- Up-to-date: /home/user/ros2_ws/src/citylab_project/install/robot_patrol/lib/librobot_patrol__rosidl_typesupport_introspection_cpp.so
-- Up-to-date: /home/user/ros2_ws/src/citylab_project/install/robot_patrol/lib/librobot_patrol__rosidl_typesupport_cpp.so
-- Up-to-date: /home/user/ros2_ws/src/citylab_project/install/robot_patrol/share/robot_patrol/environment/pythonpath.sh
-- Up-to-date: /home/user/ros2_ws/src/citylab_project/install/robot_patrol/share/robot_patrol/environment/pythonpath.dsv
-- Up-to-date: /home/user/ros2_ws/src/citylab_project/install/robot_patrol/local/lib/python3.10/dist-packages/robot_patrol-0.0.0-py3.10.egg-info
-- Installing: /home/user/ros2_ws/src/citylab_project/install/robot_patrol/local/lib/python3.10/dist-packages/robot_patrol-0.0.0-py3.10.egg-info/PKG-INFO
-- Installing: /home/user/ros2_ws/src/citylab_project/install/robot_patrol/local/lib/python3.10/dist-packages/robot_patrol-0.0.0-py3.10.egg-info/top_level.txt
-- Installing: /home/user/ros2_ws/src/citylab_project/install/robot_patrol/local/lib/python3.10/dist-packages/robot_patrol-0.0.0-py3.10.egg-info/SOURCES.txt
-- Installing: /home/user/ros2_ws/src/citylab_project/install/robot_patrol/local/lib/python3.10/dist-packages/robot_patrol-0.0.0-py3.10.egg-info/dependency_links.txt
-- Up-to-date: /home/user/ros2_ws/src/citylab_project/install/robot_patrol/local/lib/python3.10/dist-packages/robot_patrol
-- Up-to-date: /home/user/ros2_ws/src/citylab_project/install/robot_patrol/local/lib/python3.10/dist-packages/robot_patrol/_robot_patrol_s.ep.rosidl_typesupport_c.c
-- Up-to-date: /home/user/ros2_ws/src/citylab_project/install/robot_patrol/local/lib/python3.10/dist-packages/robot_patrol/_robot_patrol_s.ep.rosidl_typesupport_introspection_c.c
-- Up-to-date: /home/user/ros2_ws/src/citylab_project/install/robot_patrol/local/lib/python3.10/dist-packages/robot_patrol/librobot_patrol__rosidl_generator_py.so
-- Up-to-date: /home/user/ros2_ws/src/citylab_project/install/robot_patrol/local/lib/python3.10/dist-packages/robot_patrol/__init__.py
-- Up-to-date: /home/user/ros2_ws/src/citylab_project/install/robot_patrol/local/lib/python3.10/dist-packages/robot_patrol/robot_patrol_s__rosidl_typesupport_c.cpython-310-x86_64-linux-gnu.so
-- Up-to-date: /home/user/ros2_ws/src/citylab_project/install/robot_patrol/local/lib/python3.10/dist-packages/robot_patrol/robot_patrol_s__rosidl_typesupport_introspection_c.cpython-310-x86_64-linux-gnu.so
-- Up-to-date: /home/user/ros2_ws/src/citylab_project/install/robot_patrol/local/lib/python3.10/dist-packages/robot_patrol/_robot_patrol_s.ep.rosidl_typesupport_fastrtps_c.c
-- Up-to-date: /home/user/ros2_ws/src/citylab_project/install/robot_patrol/local/lib/python3.10/dist-packages/robot_patrol/action
-- Up-to-date: /home/user/ros2_ws/src/citylab_project/install/robot_patrol/local/lib/python3.10/dist-packages/robot_patrol/action/_go_to_pose_s.c
-- Up-to-date: /home/user/ros2_ws/src/citylab_project/install/robot_patrol/local/lib/python3.10/dist-packages/robot_patrol/action/__init__.py
-- Up-to-date: /home/user/ros2_ws/src/citylab_project/install/robot_patrol/local/lib/python3.10/dist-packages/robot_patrol/action/_go_to_pose.py
-- Up-to-date: /home/user/ros2_ws/src/citylab_project/install/robot_patrol/local/lib/python3.10/dist-packages/robot_patrol/robot_patrol_s__rosidl_typesupport_fastrtps_c.cpython-310-x86_64-linux-gnu.so
Listing '/home/user/ros2_ws/src/citylab_project/install/robot_patrol/local/lib/python3.10/dist-packages/robot_patrol'...
Listing '/home/user/ros2_ws/src/citylab_project/install/robot_patrol/local/lib/python3.10/dist-packages/robot_patrol/action'...
-- Up-to-date: /home/user/ros2_ws/src/citylab_project/install/robot_patrol/local/lib/python3.10/dist-packages/robot_patrol/robot_patrol_s__rosidl_typesupport_fastrtps_c.cpython-310-x86_64-linux-gnu.so
-- Up-to-date: /home/user/ros2_ws/src/citylab_project/install/robot_patrol/local/lib/python3.10/dist-packages/robot_patrol/robot_patrol_s__rosidl_typesupport_introspection_c.cpython-310-x86_64-linux-gnu.so
-- Up-to-date: /home/user/ros2_ws/src/citylab_project/install/robot_patrol/local/lib/python3.10/dist-packages/robot_patrol/robot_patrol_s__rosidl_typesupport_c.cpython-310-x86_64-linux-gnu.so
-- Up-to-date: /home/user/ros2_ws/src/citylab_project/install/robot_patrol/lib/librobot_patrol__rosidl_generator_py.so
-- Up-to-date: /home/user/ros2_ws/src/citylab_project/install/robot_patrol/share/robot_patrol/action/GoToPose.idl
-- Up-to-date: /home/user/ros2_ws/src/citylab_project/install/robot_patrol/share/robot_patrol/action/GoToPose.action
-- Up-to-date: /home/user/ros2_ws/src/citylab_project/install/robot_patrol/share/robot_patrol/launch
-- Up-to-date: /home/user/ros2_ws/src/citylab_project/install/robot_patrol/share/robot_patrol/launch/main.launch.py
-- Up-to-date: /home/user/ros2_ws/src/citylab_project/install/robot_patrol/share/robot_patrol/launch/start_direction_service.launch.py
-- Up-to-date: /home/user/ros2_ws/src/citylab_project/install/robot_patrol/share/robot_patrol/launch/start_gotopose_action.launch.py
-- Up-to-date: /home/user/ros2_ws/src/citylab_project/install/robot_patrol/share/robot_patrol/launch/start_test_service.launch.py
-- Up-to-date: /home/user/ros2_ws/src/citylab_project/install/robot_patrol/share/robot_patrol/launch/start_patrolling.launch.py
-- Up-to-date: /home/user/ros2_ws/src/citylab_project/install/robot_patrol/share/robot_patrol/rivz
-- Up-to-date: /home/user/ros2_ws/src/citylab_project/install/robot_patrol/share/robot_patrol/rivz/virtualrvizconfig.rviz
-- Up-to-date: /home/user/ros2_ws/src/citylab_project/install/robot_patrol/share/robot_patrol/rivz/realvizconfig.rviz
-- Up-to-date: /home/user/ros2_ws/src/citylab_project/install/robot_patrol/share/ament_index/resource_index/package_run_dependencies/robot_patrol
-- Up-to-date: /home/user/ros2_ws/src/citylab_project/install/robot_patrol/share/ament_index/resource_index/parent_prefix_path/robot_patrol
-- Up-to-date: /home/user/ros2_ws/src/citylab_project/install/robot_patrol/share/robot_patrol/environment/ament_prefix_path.sh
-- Up-to-date: /home/user/ros2_ws/src/citylab_project/install/robot_patrol/share/robot_patrol/environment/ament_prefix_path.dsv
-- Up-to-date: /home/user/ros2_ws/src/citylab_project/install/robot_patrol/share/robot_patrol/environment/path.sh
-- Up-to-date: /home/user/ros2_ws/src/citylab_project/install/robot_patrol/share/robot_patrol/environment/path.dsv
-- Up-to-date: /home/user/ros2_ws/src/citylab_project/install/robot_patrol/share/robot_patrol/local_setup.bash
-- Up-to-date: /home/user/ros2_ws/src/citylab_project/install/robot_patrol/share/robot_patrol/local_setup.sh
-- Up-to-date: /home/user/ros2_ws/src/citylab_project/install/robot_patrol/share/robot_patrol/local_setup.zsh
-- Up-to-date: /home/user/ros2_ws/src/citylab_project/install/robot_patrol/share/robot_patrol/local_setup.dsv
-- Installing: /home/user/ros2_ws/src/citylab_project/install/robot_patrol/share/robot_patrol/package.dsv
-- Up-to-date: /home/user/ros2_ws/src/citylab_project/install/robot_patrol/share/ament_index/resource_index/packages/robot_patrol
-- Up-to-date: /home/user/ros2_ws/src/citylab_project/install/robot_patrol/share/robot_patrol/cmake/export_robot_patrol__rosidl_generator_cExport.cmake
-- Up-to-date: /home/user/ros2_ws/src/citylab_project/install/robot_patrol/share/robot_patrol/cmake/export_robot_patrol__rosidl_generator_cExport-noconfig.cmake
-- Up-to-date: /home/user/ros2_ws/src/citylab_project/install/robot_patrol/share/robot_patrol/cmake/export_robot_patrol__rosidl_typesupport_fastrtps_cExport.cmake
-- Up-to-date: /home/user/ros2_ws/src/citylab_project/install/robot_patrol/share/robot_patrol/cmake/export_robot_patrol__rosidl_typesupport_fastrtps_cExport-noconfig.cmake
-- Up-to-date: /home/user/ros2_ws/src/citylab_project/install/robot_patrol/share/robot_patrol/cmake/export_robot_patrol__rosidl_generator_cppExport.cmake
-- Up-to-date: /home/user/ros2_ws/src/citylab_project/install/robot_patrol/share/robot_patrol/cmake/export_robot_patrol__rosidl_typesupport_fastrtps_cppExport.cmake
-- Up-to-date: /home/user/ros2_ws/src/citylab_project/install/robot_patrol/share/robot_patrol/cmake/export_robot_patrol__rosidl_typesupport_fastrtps_cppExport-noconfig.cmake
-- Up-to-date: /home/user/ros2_ws/src/citylab_project/install/robot_patrol/share/robot_patrol/cmake/robot_patrol__rosidl_typesupport_introspection_cExport.cmake
-- Up-to-date: /home/user/ros2_ws/src/citylab_project/install/robot_patrol/share/robot_patrol/cmake/robot_patrol__rosidl_typesupport_introspection_cExport-noconfig.cmake
-- Up-to-date: /home/user/ros2_ws/src/citylab_project/install/robot_patrol/share/robot_patrol/cmake/robot_patrol__rosidl_typesupport_cExport.cmake
-- Up-to-date: /home/user/ros2_ws/src/citylab_project/install/robot_patrol/share/robot_patrol/cmake/robot_patrol__rosidl_typesupport_cExport-noconfig.cmake
-- Up-to-date: /home/user/ros2_ws/src/citylab_project/install/robot_patrol/share/robot_patrol/cmake/robot_patrol__rosidl_typesupport_introspection_cppExport.cmake
-- Up-to-date: /home/user/ros2_ws/src/citylab_project/install/robot_patrol/share/robot_patrol/cmake/robot_patrol__rosidl_typesupport_introspection_cppExport-noconfig.cmake
-- Up-to-date: /home/user/ros2_ws/src/citylab_project/install/robot_patrol/share/robot_patrol/cmake/robot_patrol__rosidl_typesupport_cppExport.cmake
-- Up-to-date: /home/user/ros2_ws/src/citylab_project/install/robot_patrol/share/robot_patrol/cmake/robot_patrol__rosidl_typesupport_cppExport-noconfig.cmake
-- Up-to-date: /home/user/ros2_ws/src/citylab_project/install/robot_patrol/share/robot_patrol/cmake/export_robot_patrol__rosidl_generator_pyExport.cmake
-- Up-to-date: /home/user/ros2_ws/src/citylab_project/install/robot_patrol/share/robot_patrol/cmake/export_robot_patrol__rosidl_generator_pyExport-noconfig.cmake
-- Up-to-date: /home/user/ros2_ws/src/citylab_project/install/robot_patrol/share/robot_patrol/cmake/rosidl_cmake-extras.cmake
-- Up-to-date: /home/user/ros2_ws/src/citylab_project/install/robot_patrol/share/robot_patrol/cmake/ament_cmake_export_dependencies-extras.cmake
-- Up-to-date: /home/user/ros2_ws/src/citylab_project/install/robot_patrol/share/robot_patrol/cmake/ament_cmake_export_include_directories-extras.cmake
-- Up-to-date: /home/user/ros2_ws/src/citylab_project/install/robot_patrol/share/robot_patrol/cmake/ament_cmake_export_libraries-extras.cmake
-- Up-to-date: /home/user/ros2_ws/src/citylab_project/install/robot_patrol/share/robot_patrol/cmake/ament_cmake_export_targets-extras.cmake
-- Up-to-date: /home/user/ros2_ws/src/citylab_project/install/robot_patrol/share/robot_patrol/cmake/rosidl_cmake_export_typesupport_targets-extras.cmake
-- Up-to-date: /home/user/ros2_ws/src/citylab_project/install/robot_patrol/share/robot_patrol/cmake/rosidl_cmake_export_typesupport_libraries-extras.cmake
-- Up-to-date: /home/user/ros2_ws/src/citylab_project/install/robot_patrol/share/robot_patrol/cmake/robot_patrolConfig.cmake
-- Up-to-date: /home/user/ros2_ws/src/citylab_project/install/robot_patrol/share/robot_patrol/cmake/robot_patrolConfig-version.cmake
-- Up-to-date: /home/user/ros2_ws/src/citylab_project/install/robot_patrol/share/robot_patrol/package.xml
