[0.016s] Invoking command in '/home/user/ros2_ws/src/citylab_project/build/robot_patrol': AMENT_PREFIX_PATH=/home/user/ros2_ws/src/citylab_project/install/custom_interfaces:${AMENT_PREFIX_PATH} CMAKE_PREFIX_PATH=/home/user/ros2_ws/src/citylab_project/install/custom_interfaces:/home/user/ros2_ws/install/robot_patrol:/home/user/ros2_ws/install/custom_interfaces:/opt/ros/humble:/home/simulations/ros2_sims_ws/install/robot_description LD_LIBRARY_PATH=/home/user/ros2_ws/src/citylab_project/install/custom_interfaces/lib:/usr/local/cuda-10.2/lib64:/home/user/.catkin_ws_python3/src/TensorRT-7.0.0.11/lib:/home/user/ros2_ws/install/robot_patrol/lib:/home/user/ros2_ws/install/custom_interfaces/lib:/opt/ros/humble/opt/rviz_ogre_vendor/lib:/opt/ros/humble/lib/x86_64-linux-gnu:/opt/ros/humble/lib:/usr/local/cuda-10.2/lib64:/home/user/.catkin_ws_python3/src/TensorRT-7.0.0.11/lib:/usr/lib/x86_64-linux-gnu/gazebo-11/plugins:/usr/lib/x86_64-linux-gnu/gazebo-11/plugins:/usr/lib/x86_64-linux-gnu/gazebo-11/plugins PYTHONPATH=/home/user/ros2_ws/src/citylab_project/install/custom_interfaces/local/lib/python3.10/dist-packages:${PYTHONPATH} _=/usr/bin/env /usr/bin/cmake --build /home/user/ros2_ws/src/citylab_project/build/robot_patrol -- -j8 -l8
[0.069s] [35m[1mConsolidate compiler generated dependencies of target direction_service[0m
[0.085s] [  4%] Built target robot_patrol__cpp
[0.085s] [  9%] Built target robot_patrol__rosidl_generator_c
[0.090s] [ 14%] Built target robot_patrol_executable
[0.091s] [ 19%] Built target robot_patrol_executable2
[0.094s] [ 24%] Built target test_service
[0.094s] [ 24%] Built target ament_cmake_python_copy_robot_patrol
[0.097s] [ 26%] [32mBuilding CXX object CMakeFiles/direction_service.dir/src/direction_service.cpp.o[0m
[0.120s] [ 34%] Built target robot_patrol__rosidl_typesupport_introspection_cpp
[0.122s] [ 41%] Built target robot_patrol__rosidl_typesupport_cpp
[0.123s] [ 48%] Built target robot_patrol__rosidl_typesupport_introspection_c
[0.124s] [ 56%] Built target robot_patrol__rosidl_typesupport_fastrtps_cpp
[0.132s] [ 70%] Built target robot_patrol__rosidl_typesupport_fastrtps_c
[0.132s] [ 70%] Built target robot_patrol__rosidl_typesupport_c
[0.153s] [ 70%] Built target robot_patrol
[0.178s] [ 73%] Built target robot_patrol__py
[0.188s] [ 78%] Built target action_service
[0.202s] [ 82%] Built target robot_patrol__rosidl_generator_py
[0.230s] [ 87%] Built target robot_patrol__rosidl_typesupport_fastrtps_c__pyext
[0.231s] [ 92%] Built target robot_patrol__rosidl_typesupport_c__pyext
[0.232s] [ 97%] Built target robot_patrol__rosidl_typesupport_introspection_c__pyext
[0.358s] running egg_info
[0.381s] writing robot_patrol.egg-info/PKG-INFO
[0.382s] writing dependency_links to robot_patrol.egg-info/dependency_links.txt
[0.382s] writing top-level names to robot_patrol.egg-info/top_level.txt
[0.447s] reading manifest file 'robot_patrol.egg-info/SOURCES.txt'
[0.448s] writing manifest file 'robot_patrol.egg-info/SOURCES.txt'
[0.483s] [ 97%] Built target ament_cmake_python_build_robot_patrol_egg
[2.725s] In file included from [01m[K/opt/ros/humble/include/rclcpp/rclcpp/logging.hpp:24[m[K,
[2.725s]                  from [01m[K/opt/ros/humble/include/rclcpp/rclcpp/client.hpp:40[m[K,
[2.725s]                  from [01m[K/opt/ros/humble/include/rclcpp/rclcpp/callback_group.hpp:24[m[K,
[2.725s]                  from [01m[K/opt/ros/humble/include/rclcpp/rclcpp/any_executable.hpp:20[m[K,
[2.725s]                  from [01m[K/opt/ros/humble/include/rclcpp/rclcpp/memory_strategy.hpp:25[m[K,
[2.725s]                  from [01m[K/opt/ros/humble/include/rclcpp/rclcpp/memory_strategies.hpp:18[m[K,
[2.726s]                  from [01m[K/opt/ros/humble/include/rclcpp/rclcpp/executor_options.hpp:20[m[K,
[2.726s]                  from [01m[K/opt/ros/humble/include/rclcpp/rclcpp/executor.hpp:37[m[K,
[2.726s]                  from [01m[K/opt/ros/humble/include/rclcpp/rclcpp/executors/multi_threaded_executor.hpp:25[m[K,
[2.726s]                  from [01m[K/opt/ros/humble/include/rclcpp/rclcpp/executors.hpp:21[m[K,
[2.726s]                  from [01m[K/opt/ros/humble/include/rclcpp/rclcpp/rclcpp.hpp:155[m[K,
[2.726s]                  from [01m[K/home/user/ros2_ws/src/citylab_project/robot_patrol/src/direction_service.cpp:1[m[K:
[2.726s] [01m[K/home/user/ros2_ws/src/citylab_project/robot_patrol/src/direction_service.cpp:[m[K In member function '[01m[Kvoid DirectionService::get_direction_callback(std::shared_ptr<custom_interfaces::srv::GetDirection_Request_<std::allocator<void> > >, std::shared_ptr<custom_interfaces::srv::GetDirection_Response_<std::allocator<void> > >)[m[K':
[2.726s] [01m[K/home/user/ros2_ws/src/citylab_project/robot_patrol/src/direction_service.cpp:66:37:[m[K [01;35m[Kwarning: [m[Kformat '[01m[K%f[m[K' expects argument of type '[01m[Kdouble[m[K', but argument 5 has type '[01m[Ksensor_msgs::msg::LaserScan_<std::allocator<void> >::_ranges_type[m[K' {aka '[01m[Kstd::vector<float>[m[K'} [[01;35m[K]8;;https://gcc.gnu.org/onlinedocs/gcc/Warning-Options.html#index-Wformat=-Wformat=]8;;[m[K]
[2.726s]    66 |     RCLCPP_INFO(this->get_logger(), [01;35m[K"ranges is %f"[m[K, request->laser_data.ranges);
[2.726s]       |                                     [01;35m[K^~~~~~~~~~~~~~[m[K
[2.726s] [01m[K/home/user/ros2_ws/src/citylab_project/robot_patrol/src/direction_service.cpp:66:49:[m[K [01;36m[Knote: [m[Kformat string is defined here
[2.726s]    66 |     RCLCPP_INFO(this->get_logger(), "ranges is [01;36m[K%f[m[K", request->laser_data.ranges);
[2.726s]       |                                                [01;36m[K~^[m[K
[2.726s]       |                                                 [01;36m[K|[m[K
[2.726s]       |                                                 [01;36m[Kdouble[m[K
[3.962s] [100%] [32m[1mLinking CXX executable direction_service[0m
[4.099s] [100%] Built target direction_service
[4.111s] Invoked command in '/home/user/ros2_ws/src/citylab_project/build/robot_patrol' returned '0': AMENT_PREFIX_PATH=/home/user/ros2_ws/src/citylab_project/install/custom_interfaces:${AMENT_PREFIX_PATH} CMAKE_PREFIX_PATH=/home/user/ros2_ws/src/citylab_project/install/custom_interfaces:/home/user/ros2_ws/install/robot_patrol:/home/user/ros2_ws/install/custom_interfaces:/opt/ros/humble:/home/simulations/ros2_sims_ws/install/robot_description LD_LIBRARY_PATH=/home/user/ros2_ws/src/citylab_project/install/custom_interfaces/lib:/usr/local/cuda-10.2/lib64:/home/user/.catkin_ws_python3/src/TensorRT-7.0.0.11/lib:/home/user/ros2_ws/install/robot_patrol/lib:/home/user/ros2_ws/install/custom_interfaces/lib:/opt/ros/humble/opt/rviz_ogre_vendor/lib:/opt/ros/humble/lib/x86_64-linux-gnu:/opt/ros/humble/lib:/usr/local/cuda-10.2/lib64:/home/user/.catkin_ws_python3/src/TensorRT-7.0.0.11/lib:/usr/lib/x86_64-linux-gnu/gazebo-11/plugins:/usr/lib/x86_64-linux-gnu/gazebo-11/plugins:/usr/lib/x86_64-linux-gnu/gazebo-11/plugins PYTHONPATH=/home/user/ros2_ws/src/citylab_project/install/custom_interfaces/local/lib/python3.10/dist-packages:${PYTHONPATH} _=/usr/bin/env /usr/bin/cmake --build /home/user/ros2_ws/src/citylab_project/build/robot_patrol -- -j8 -l8
[4.113s] Invoking command in '/home/user/ros2_ws/src/citylab_project/build/robot_patrol': AMENT_PREFIX_PATH=/home/user/ros2_ws/src/citylab_project/install/custom_interfaces:${AMENT_PREFIX_PATH} CMAKE_PREFIX_PATH=/home/user/ros2_ws/src/citylab_project/install/custom_interfaces:/home/user/ros2_ws/install/robot_patrol:/home/user/ros2_ws/install/custom_interfaces:/opt/ros/humble:/home/simulations/ros2_sims_ws/install/robot_description LD_LIBRARY_PATH=/home/user/ros2_ws/src/citylab_project/install/custom_interfaces/lib:/usr/local/cuda-10.2/lib64:/home/user/.catkin_ws_python3/src/TensorRT-7.0.0.11/lib:/home/user/ros2_ws/install/robot_patrol/lib:/home/user/ros2_ws/install/custom_interfaces/lib:/opt/ros/humble/opt/rviz_ogre_vendor/lib:/opt/ros/humble/lib/x86_64-linux-gnu:/opt/ros/humble/lib:/usr/local/cuda-10.2/lib64:/home/user/.catkin_ws_python3/src/TensorRT-7.0.0.11/lib:/usr/lib/x86_64-linux-gnu/gazebo-11/plugins:/usr/lib/x86_64-linux-gnu/gazebo-11/plugins:/usr/lib/x86_64-linux-gnu/gazebo-11/plugins PYTHONPATH=/home/user/ros2_ws/src/citylab_project/install/custom_interfaces/local/lib/python3.10/dist-packages:${PYTHONPATH} _=/usr/bin/env /usr/bin/cmake --install /home/user/ros2_ws/src/citylab_project/build/robot_patrol
[4.120s] -- Install configuration: ""
[4.120s] -- Up-to-date: /home/user/ros2_ws/src/citylab_project/install/robot_patrol/lib/robot_patrol/robot_patrol_executable
[4.120s] -- Up-to-date: /home/user/ros2_ws/src/citylab_project/install/robot_patrol/lib/robot_patrol/robot_patrol_executable2
[4.121s] -- Installing: /home/user/ros2_ws/src/citylab_project/install/robot_patrol/lib/robot_patrol/direction_service
[4.122s] -- Set runtime path of "/home/user/ros2_ws/src/citylab_project/install/robot_patrol/lib/robot_patrol/direction_service" to ""
[4.122s] -- Up-to-date: /home/user/ros2_ws/src/citylab_project/install/robot_patrol/lib/robot_patrol/test_service
[4.122s] -- Up-to-date: /home/user/ros2_ws/src/citylab_project/install/robot_patrol/lib/robot_patrol/action_service
[4.123s] -- Up-to-date: /home/user/ros2_ws/src/citylab_project/install/robot_patrol/share/ament_index/resource_index/rosidl_interfaces/robot_patrol
[4.123s] -- Up-to-date: /home/user/ros2_ws/src/citylab_project/install/robot_patrol/include/robot_patrol/robot_patrol
[4.123s] -- Up-to-date: /home/user/ros2_ws/src/citylab_project/install/robot_patrol/include/robot_patrol/robot_patrol/msg
[4.123s] -- Up-to-date: /home/user/ros2_ws/src/citylab_project/install/robot_patrol/include/robot_patrol/robot_patrol/msg/rosidl_generator_c__visibility_control.h
[4.123s] -- Up-to-date: /home/user/ros2_ws/src/citylab_project/install/robot_patrol/include/robot_patrol/robot_patrol/action
[4.123s] -- Up-to-date: /home/user/ros2_ws/src/citylab_project/install/robot_patrol/include/robot_patrol/robot_patrol/action/detail
[4.123s] -- Up-to-date: /home/user/ros2_ws/src/citylab_project/install/robot_patrol/include/robot_patrol/robot_patrol/action/detail/go_to_pose__type_support.h
[4.123s] -- Up-to-date: /home/user/ros2_ws/src/citylab_project/install/robot_patrol/include/robot_patrol/robot_patrol/action/detail/go_to_pose__struct.h
[4.123s] -- Up-to-date: /home/user/ros2_ws/src/citylab_project/install/robot_patrol/include/robot_patrol/robot_patrol/action/detail/go_to_pose__functions.c
[4.123s] -- Up-to-date: /home/user/ros2_ws/src/citylab_project/install/robot_patrol/include/robot_patrol/robot_patrol/action/detail/go_to_pose__functions.h
[4.123s] -- Up-to-date: /home/user/ros2_ws/src/citylab_project/install/robot_patrol/include/robot_patrol/robot_patrol/action/go_to_pose.h
[4.123s] -- Up-to-date: /home/user/ros2_ws/src/citylab_project/install/robot_patrol/share/robot_patrol/environment/library_path.sh
[4.124s] -- Up-to-date: /home/user/ros2_ws/src/citylab_project/install/robot_patrol/share/robot_patrol/environment/library_path.dsv
[4.124s] -- Up-to-date: /home/user/ros2_ws/src/citylab_project/install/robot_patrol/lib/librobot_patrol__rosidl_generator_c.so
[4.124s] -- Up-to-date: /home/user/ros2_ws/src/citylab_project/install/robot_patrol/include/robot_patrol/robot_patrol
[4.124s] -- Up-to-date: /home/user/ros2_ws/src/citylab_project/install/robot_patrol/include/robot_patrol/robot_patrol/msg
[4.124s] -- Up-to-date: /home/user/ros2_ws/src/citylab_project/install/robot_patrol/include/robot_patrol/robot_patrol/msg/rosidl_typesupport_fastrtps_c__visibility_control.h
[4.124s] -- Up-to-date: /home/user/ros2_ws/src/citylab_project/install/robot_patrol/include/robot_patrol/robot_patrol/action
[4.124s] -- Up-to-date: /home/user/ros2_ws/src/citylab_project/install/robot_patrol/include/robot_patrol/robot_patrol/action/detail
[4.124s] -- Up-to-date: /home/user/ros2_ws/src/citylab_project/install/robot_patrol/include/robot_patrol/robot_patrol/action/detail/go_to_pose__rosidl_typesupport_fastrtps_c.h
[4.125s] -- Up-to-date: /home/user/ros2_ws/src/citylab_project/install/robot_patrol/lib/librobot_patrol__rosidl_typesupport_fastrtps_c.so
[4.125s] -- Up-to-date: /home/user/ros2_ws/src/citylab_project/install/robot_patrol/include/robot_patrol/robot_patrol
[4.125s] -- Up-to-date: /home/user/ros2_ws/src/citylab_project/install/robot_patrol/include/robot_patrol/robot_patrol/msg
[4.125s] -- Up-to-date: /home/user/ros2_ws/src/citylab_project/install/robot_patrol/include/robot_patrol/robot_patrol/msg/rosidl_generator_cpp__visibility_control.hpp
[4.125s] -- Up-to-date: /home/user/ros2_ws/src/citylab_project/install/robot_patrol/include/robot_patrol/robot_patrol/action
[4.125s] -- Up-to-date: /home/user/ros2_ws/src/citylab_project/install/robot_patrol/include/robot_patrol/robot_patrol/action/detail
[4.125s] -- Up-to-date: /home/user/ros2_ws/src/citylab_project/install/robot_patrol/include/robot_patrol/robot_patrol/action/detail/go_to_pose__traits.hpp
[4.125s] -- Up-to-date: /home/user/ros2_ws/src/citylab_project/install/robot_patrol/include/robot_patrol/robot_patrol/action/detail/go_to_pose__builder.hpp
[4.125s] -- Up-to-date: /home/user/ros2_ws/src/citylab_project/install/robot_patrol/include/robot_patrol/robot_patrol/action/detail/go_to_pose__type_support.hpp
[4.125s] -- Up-to-date: /home/user/ros2_ws/src/citylab_project/install/robot_patrol/include/robot_patrol/robot_patrol/action/detail/go_to_pose__struct.hpp
[4.125s] -- Up-to-date: /home/user/ros2_ws/src/citylab_project/install/robot_patrol/include/robot_patrol/robot_patrol/action/go_to_pose.hpp
[4.125s] -- Up-to-date: /home/user/ros2_ws/src/citylab_project/install/robot_patrol/include/robot_patrol/robot_patrol
[4.126s] -- Up-to-date: /home/user/ros2_ws/src/citylab_project/install/robot_patrol/include/robot_patrol/robot_patrol/msg
[4.126s] -- Up-to-date: /home/user/ros2_ws/src/citylab_project/install/robot_patrol/include/robot_patrol/robot_patrol/msg/rosidl_typesupport_fastrtps_cpp__visibility_control.h
[4.126s] -- Up-to-date: /home/user/ros2_ws/src/citylab_project/install/robot_patrol/include/robot_patrol/robot_patrol/action
[4.126s] -- Up-to-date: /home/user/ros2_ws/src/citylab_project/install/robot_patrol/include/robot_patrol/robot_patrol/action/detail
[4.126s] -- Up-to-date: /home/user/ros2_ws/src/citylab_project/install/robot_patrol/include/robot_patrol/robot_patrol/action/detail/go_to_pose__rosidl_typesupport_fastrtps_cpp.hpp
[4.126s] -- Up-to-date: /home/user/ros2_ws/src/citylab_project/install/robot_patrol/include/robot_patrol/robot_patrol/action/detail/dds_fastrtps
[4.126s] -- Up-to-date: /home/user/ros2_ws/src/citylab_project/install/robot_patrol/lib/librobot_patrol__rosidl_typesupport_fastrtps_cpp.so
[4.126s] -- Up-to-date: /home/user/ros2_ws/src/citylab_project/install/robot_patrol/include/robot_patrol/robot_patrol
[4.126s] -- Up-to-date: /home/user/ros2_ws/src/citylab_project/install/robot_patrol/include/robot_patrol/robot_patrol/msg
[4.126s] -- Up-to-date: /home/user/ros2_ws/src/citylab_project/install/robot_patrol/include/robot_patrol/robot_patrol/msg/rosidl_typesupport_introspection_c__visibility_control.h
[4.126s] -- Up-to-date: /home/user/ros2_ws/src/citylab_project/install/robot_patrol/include/robot_patrol/robot_patrol/action
[4.126s] -- Up-to-date: /home/user/ros2_ws/src/citylab_project/install/robot_patrol/include/robot_patrol/robot_patrol/action/detail
[4.126s] -- Up-to-date: /home/user/ros2_ws/src/citylab_project/install/robot_patrol/include/robot_patrol/robot_patrol/action/detail/go_to_pose__type_support.c
[4.127s] -- Up-to-date: /home/user/ros2_ws/src/citylab_project/install/robot_patrol/include/robot_patrol/robot_patrol/action/detail/go_to_pose__rosidl_typesupport_introspection_c.h
[4.127s] -- Up-to-date: /home/user/ros2_ws/src/citylab_project/install/robot_patrol/lib/librobot_patrol__rosidl_typesupport_introspection_c.so
[4.127s] -- Up-to-date: /home/user/ros2_ws/src/citylab_project/install/robot_patrol/lib/librobot_patrol__rosidl_typesupport_c.so
[4.127s] -- Up-to-date: /home/user/ros2_ws/src/citylab_project/install/robot_patrol/include/robot_patrol/robot_patrol
[4.127s] -- Up-to-date: /home/user/ros2_ws/src/citylab_project/install/robot_patrol/include/robot_patrol/robot_patrol/action
[4.127s] -- Up-to-date: /home/user/ros2_ws/src/citylab_project/install/robot_patrol/include/robot_patrol/robot_patrol/action/detail
[4.127s] -- Up-to-date: /home/user/ros2_ws/src/citylab_project/install/robot_patrol/include/robot_patrol/robot_patrol/action/detail/go_to_pose__rosidl_typesupport_introspection_cpp.hpp
[4.127s] -- Up-to-date: /home/user/ros2_ws/src/citylab_project/install/robot_patrol/include/robot_patrol/robot_patrol/action/detail/go_to_pose__type_support.cpp
[4.127s] -- Up-to-date: /home/user/ros2_ws/src/citylab_project/install/robot_patrol/lib/librobot_patrol__rosidl_typesupport_introspection_cpp.so
[4.127s] -- Up-to-date: /home/user/ros2_ws/src/citylab_project/install/robot_patrol/lib/librobot_patrol__rosidl_typesupport_cpp.so
[4.127s] -- Up-to-date: /home/user/ros2_ws/src/citylab_project/install/robot_patrol/share/robot_patrol/environment/pythonpath.sh
[4.127s] -- Up-to-date: /home/user/ros2_ws/src/citylab_project/install/robot_patrol/share/robot_patrol/environment/pythonpath.dsv
[4.128s] -- Up-to-date: /home/user/ros2_ws/src/citylab_project/install/robot_patrol/local/lib/python3.10/dist-packages/robot_patrol-0.0.0-py3.10.egg-info
[4.128s] -- Installing: /home/user/ros2_ws/src/citylab_project/install/robot_patrol/local/lib/python3.10/dist-packages/robot_patrol-0.0.0-py3.10.egg-info/PKG-INFO
[4.128s] -- Installing: /home/user/ros2_ws/src/citylab_project/install/robot_patrol/local/lib/python3.10/dist-packages/robot_patrol-0.0.0-py3.10.egg-info/top_level.txt
[4.128s] -- Installing: /home/user/ros2_ws/src/citylab_project/install/robot_patrol/local/lib/python3.10/dist-packages/robot_patrol-0.0.0-py3.10.egg-info/SOURCES.txt
[4.128s] -- Installing: /home/user/ros2_ws/src/citylab_project/install/robot_patrol/local/lib/python3.10/dist-packages/robot_patrol-0.0.0-py3.10.egg-info/dependency_links.txt
[4.128s] -- Up-to-date: /home/user/ros2_ws/src/citylab_project/install/robot_patrol/local/lib/python3.10/dist-packages/robot_patrol
[4.128s] -- Up-to-date: /home/user/ros2_ws/src/citylab_project/install/robot_patrol/local/lib/python3.10/dist-packages/robot_patrol/_robot_patrol_s.ep.rosidl_typesupport_c.c
[4.128s] -- Up-to-date: /home/user/ros2_ws/src/citylab_project/install/robot_patrol/local/lib/python3.10/dist-packages/robot_patrol/_robot_patrol_s.ep.rosidl_typesupport_introspection_c.c
[4.128s] -- Up-to-date: /home/user/ros2_ws/src/citylab_project/install/robot_patrol/local/lib/python3.10/dist-packages/robot_patrol/librobot_patrol__rosidl_generator_py.so
[4.128s] -- Up-to-date: /home/user/ros2_ws/src/citylab_project/install/robot_patrol/local/lib/python3.10/dist-packages/robot_patrol/__init__.py
[4.128s] -- Up-to-date: /home/user/ros2_ws/src/citylab_project/install/robot_patrol/local/lib/python3.10/dist-packages/robot_patrol/robot_patrol_s__rosidl_typesupport_c.cpython-310-x86_64-linux-gnu.so
[4.129s] -- Up-to-date: /home/user/ros2_ws/src/citylab_project/install/robot_patrol/local/lib/python3.10/dist-packages/robot_patrol/robot_patrol_s__rosidl_typesupport_introspection_c.cpython-310-x86_64-linux-gnu.so
[4.129s] -- Up-to-date: /home/user/ros2_ws/src/citylab_project/install/robot_patrol/local/lib/python3.10/dist-packages/robot_patrol/_robot_patrol_s.ep.rosidl_typesupport_fastrtps_c.c
[4.129s] -- Up-to-date: /home/user/ros2_ws/src/citylab_project/install/robot_patrol/local/lib/python3.10/dist-packages/robot_patrol/action
[4.129s] -- Up-to-date: /home/user/ros2_ws/src/citylab_project/install/robot_patrol/local/lib/python3.10/dist-packages/robot_patrol/action/_go_to_pose_s.c
[4.129s] -- Up-to-date: /home/user/ros2_ws/src/citylab_project/install/robot_patrol/local/lib/python3.10/dist-packages/robot_patrol/action/__init__.py
[4.129s] -- Up-to-date: /home/user/ros2_ws/src/citylab_project/install/robot_patrol/local/lib/python3.10/dist-packages/robot_patrol/action/_go_to_pose.py
[4.129s] -- Up-to-date: /home/user/ros2_ws/src/citylab_project/install/robot_patrol/local/lib/python3.10/dist-packages/robot_patrol/robot_patrol_s__rosidl_typesupport_fastrtps_c.cpython-310-x86_64-linux-gnu.so
[4.160s] Listing '/home/user/ros2_ws/src/citylab_project/install/robot_patrol/local/lib/python3.10/dist-packages/robot_patrol'...
[4.161s] Listing '/home/user/ros2_ws/src/citylab_project/install/robot_patrol/local/lib/python3.10/dist-packages/robot_patrol/action'...
[4.165s] -- Up-to-date: /home/user/ros2_ws/src/citylab_project/install/robot_patrol/local/lib/python3.10/dist-packages/robot_patrol/robot_patrol_s__rosidl_typesupport_fastrtps_c.cpython-310-x86_64-linux-gnu.so
[4.165s] -- Up-to-date: /home/user/ros2_ws/src/citylab_project/install/robot_patrol/local/lib/python3.10/dist-packages/robot_patrol/robot_patrol_s__rosidl_typesupport_introspection_c.cpython-310-x86_64-linux-gnu.so
[4.166s] -- Up-to-date: /home/user/ros2_ws/src/citylab_project/install/robot_patrol/local/lib/python3.10/dist-packages/robot_patrol/robot_patrol_s__rosidl_typesupport_c.cpython-310-x86_64-linux-gnu.so
[4.166s] -- Up-to-date: /home/user/ros2_ws/src/citylab_project/install/robot_patrol/lib/librobot_patrol__rosidl_generator_py.so
[4.166s] -- Up-to-date: /home/user/ros2_ws/src/citylab_project/install/robot_patrol/share/robot_patrol/action/GoToPose.idl
[4.166s] -- Up-to-date: /home/user/ros2_ws/src/citylab_project/install/robot_patrol/share/robot_patrol/action/GoToPose.action
[4.166s] -- Up-to-date: /home/user/ros2_ws/src/citylab_project/install/robot_patrol/share/robot_patrol/launch
[4.166s] -- Up-to-date: /home/user/ros2_ws/src/citylab_project/install/robot_patrol/share/robot_patrol/launch/main.launch.py
[4.166s] -- Up-to-date: /home/user/ros2_ws/src/citylab_project/install/robot_patrol/share/robot_patrol/launch/start_direction_service.launch.py
[4.167s] -- Up-to-date: /home/user/ros2_ws/src/citylab_project/install/robot_patrol/share/robot_patrol/launch/start_gotopose_action.launch.py
[4.167s] -- Up-to-date: /home/user/ros2_ws/src/citylab_project/install/robot_patrol/share/robot_patrol/launch/start_test_service.launch.py
[4.167s] -- Up-to-date: /home/user/ros2_ws/src/citylab_project/install/robot_patrol/share/robot_patrol/launch/start_patrolling.launch.py
[4.167s] -- Up-to-date: /home/user/ros2_ws/src/citylab_project/install/robot_patrol/share/robot_patrol/rivz
[4.167s] -- Up-to-date: /home/user/ros2_ws/src/citylab_project/install/robot_patrol/share/robot_patrol/rivz/virtualrvizconfig.rviz
[4.167s] -- Up-to-date: /home/user/ros2_ws/src/citylab_project/install/robot_patrol/share/robot_patrol/rivz/realvizconfig.rviz
[4.167s] -- Up-to-date: /home/user/ros2_ws/src/citylab_project/install/robot_patrol/share/ament_index/resource_index/package_run_dependencies/robot_patrol
[4.167s] -- Up-to-date: /home/user/ros2_ws/src/citylab_project/install/robot_patrol/share/ament_index/resource_index/parent_prefix_path/robot_patrol
[4.168s] -- Up-to-date: /home/user/ros2_ws/src/citylab_project/install/robot_patrol/share/robot_patrol/environment/ament_prefix_path.sh
[4.168s] -- Up-to-date: /home/user/ros2_ws/src/citylab_project/install/robot_patrol/share/robot_patrol/environment/ament_prefix_path.dsv
[4.168s] -- Up-to-date: /home/user/ros2_ws/src/citylab_project/install/robot_patrol/share/robot_patrol/environment/path.sh
[4.168s] -- Up-to-date: /home/user/ros2_ws/src/citylab_project/install/robot_patrol/share/robot_patrol/environment/path.dsv
[4.168s] -- Up-to-date: /home/user/ros2_ws/src/citylab_project/install/robot_patrol/share/robot_patrol/local_setup.bash
[4.168s] -- Up-to-date: /home/user/ros2_ws/src/citylab_project/install/robot_patrol/share/robot_patrol/local_setup.sh
[4.168s] -- Up-to-date: /home/user/ros2_ws/src/citylab_project/install/robot_patrol/share/robot_patrol/local_setup.zsh
[4.168s] -- Up-to-date: /home/user/ros2_ws/src/citylab_project/install/robot_patrol/share/robot_patrol/local_setup.dsv
[4.168s] -- Installing: /home/user/ros2_ws/src/citylab_project/install/robot_patrol/share/robot_patrol/package.dsv
[4.168s] -- Up-to-date: /home/user/ros2_ws/src/citylab_project/install/robot_patrol/share/ament_index/resource_index/packages/robot_patrol
[4.169s] -- Up-to-date: /home/user/ros2_ws/src/citylab_project/install/robot_patrol/share/robot_patrol/cmake/export_robot_patrol__rosidl_generator_cExport.cmake
[4.169s] -- Up-to-date: /home/user/ros2_ws/src/citylab_project/install/robot_patrol/share/robot_patrol/cmake/export_robot_patrol__rosidl_generator_cExport-noconfig.cmake
[4.169s] -- Up-to-date: /home/user/ros2_ws/src/citylab_project/install/robot_patrol/share/robot_patrol/cmake/export_robot_patrol__rosidl_typesupport_fastrtps_cExport.cmake
[4.169s] -- Up-to-date: /home/user/ros2_ws/src/citylab_project/install/robot_patrol/share/robot_patrol/cmake/export_robot_patrol__rosidl_typesupport_fastrtps_cExport-noconfig.cmake
[4.169s] -- Up-to-date: /home/user/ros2_ws/src/citylab_project/install/robot_patrol/share/robot_patrol/cmake/export_robot_patrol__rosidl_generator_cppExport.cmake
[4.169s] -- Up-to-date: /home/user/ros2_ws/src/citylab_project/install/robot_patrol/share/robot_patrol/cmake/export_robot_patrol__rosidl_typesupport_fastrtps_cppExport.cmake
[4.169s] -- Up-to-date: /home/user/ros2_ws/src/citylab_project/install/robot_patrol/share/robot_patrol/cmake/export_robot_patrol__rosidl_typesupport_fastrtps_cppExport-noconfig.cmake
[4.169s] -- Up-to-date: /home/user/ros2_ws/src/citylab_project/install/robot_patrol/share/robot_patrol/cmake/robot_patrol__rosidl_typesupport_introspection_cExport.cmake
[4.169s] -- Up-to-date: /home/user/ros2_ws/src/citylab_project/install/robot_patrol/share/robot_patrol/cmake/robot_patrol__rosidl_typesupport_introspection_cExport-noconfig.cmake
[4.169s] -- Up-to-date: /home/user/ros2_ws/src/citylab_project/install/robot_patrol/share/robot_patrol/cmake/robot_patrol__rosidl_typesupport_cExport.cmake
[4.170s] -- Up-to-date: /home/user/ros2_ws/src/citylab_project/install/robot_patrol/share/robot_patrol/cmake/robot_patrol__rosidl_typesupport_cExport-noconfig.cmake
[4.170s] -- Up-to-date: /home/user/ros2_ws/src/citylab_project/install/robot_patrol/share/robot_patrol/cmake/robot_patrol__rosidl_typesupport_introspection_cppExport.cmake
[4.170s] -- Up-to-date: /home/user/ros2_ws/src/citylab_project/install/robot_patrol/share/robot_patrol/cmake/robot_patrol__rosidl_typesupport_introspection_cppExport-noconfig.cmake
[4.170s] -- Up-to-date: /home/user/ros2_ws/src/citylab_project/install/robot_patrol/share/robot_patrol/cmake/robot_patrol__rosidl_typesupport_cppExport.cmake
[4.170s] -- Up-to-date: /home/user/ros2_ws/src/citylab_project/install/robot_patrol/share/robot_patrol/cmake/robot_patrol__rosidl_typesupport_cppExport-noconfig.cmake
[4.170s] -- Up-to-date: /home/user/ros2_ws/src/citylab_project/install/robot_patrol/share/robot_patrol/cmake/export_robot_patrol__rosidl_generator_pyExport.cmake
[4.170s] -- Up-to-date: /home/user/ros2_ws/src/citylab_project/install/robot_patrol/share/robot_patrol/cmake/export_robot_patrol__rosidl_generator_pyExport-noconfig.cmake
[4.171s] -- Up-to-date: /home/user/ros2_ws/src/citylab_project/install/robot_patrol/share/robot_patrol/cmake/rosidl_cmake-extras.cmake
[4.171s] -- Up-to-date: /home/user/ros2_ws/src/citylab_project/install/robot_patrol/share/robot_patrol/cmake/ament_cmake_export_dependencies-extras.cmake
[4.172s] -- Up-to-date: /home/user/ros2_ws/src/citylab_project/install/robot_patrol/share/robot_patrol/cmake/ament_cmake_export_include_directories-extras.cmake
[4.172s] -- Up-to-date: /home/user/ros2_ws/src/citylab_project/install/robot_patrol/share/robot_patrol/cmake/ament_cmake_export_libraries-extras.cmake
[4.172s] -- Up-to-date: /home/user/ros2_ws/src/citylab_project/install/robot_patrol/share/robot_patrol/cmake/ament_cmake_export_targets-extras.cmake
[4.172s] -- Up-to-date: /home/user/ros2_ws/src/citylab_project/install/robot_patrol/share/robot_patrol/cmake/rosidl_cmake_export_typesupport_targets-extras.cmake
[4.172s] -- Up-to-date: /home/user/ros2_ws/src/citylab_project/install/robot_patrol/share/robot_patrol/cmake/rosidl_cmake_export_typesupport_libraries-extras.cmake
[4.172s] -- Up-to-date: /home/user/ros2_ws/src/citylab_project/install/robot_patrol/share/robot_patrol/cmake/robot_patrolConfig.cmake
[4.173s] -- Up-to-date: /home/user/ros2_ws/src/citylab_project/install/robot_patrol/share/robot_patrol/cmake/robot_patrolConfig-version.cmake
[4.173s] -- Up-to-date: /home/user/ros2_ws/src/citylab_project/install/robot_patrol/share/robot_patrol/package.xml
[4.173s] Invoked command in '/home/user/ros2_ws/src/citylab_project/build/robot_patrol' returned '0': AMENT_PREFIX_PATH=/home/user/ros2_ws/src/citylab_project/install/custom_interfaces:${AMENT_PREFIX_PATH} CMAKE_PREFIX_PATH=/home/user/ros2_ws/src/citylab_project/install/custom_interfaces:/home/user/ros2_ws/install/robot_patrol:/home/user/ros2_ws/install/custom_interfaces:/opt/ros/humble:/home/simulations/ros2_sims_ws/install/robot_description LD_LIBRARY_PATH=/home/user/ros2_ws/src/citylab_project/install/custom_interfaces/lib:/usr/local/cuda-10.2/lib64:/home/user/.catkin_ws_python3/src/TensorRT-7.0.0.11/lib:/home/user/ros2_ws/install/robot_patrol/lib:/home/user/ros2_ws/install/custom_interfaces/lib:/opt/ros/humble/opt/rviz_ogre_vendor/lib:/opt/ros/humble/lib/x86_64-linux-gnu:/opt/ros/humble/lib:/usr/local/cuda-10.2/lib64:/home/user/.catkin_ws_python3/src/TensorRT-7.0.0.11/lib:/usr/lib/x86_64-linux-gnu/gazebo-11/plugins:/usr/lib/x86_64-linux-gnu/gazebo-11/plugins:/usr/lib/x86_64-linux-gnu/gazebo-11/plugins PYTHONPATH=/home/user/ros2_ws/src/citylab_project/install/custom_interfaces/local/lib/python3.10/dist-packages:${PYTHONPATH} _=/usr/bin/env /usr/bin/cmake --install /home/user/ros2_ws/src/citylab_project/build/robot_patrol
