[0.014s] Invoking command in '/home/user/ros2_ws/src/citylab_project/build/robot_patrol': AMENT_PREFIX_PATH=/home/user/ros2_ws/src/citylab_project/install/custom_interfaces:${AMENT_PREFIX_PATH} CMAKE_PREFIX_PATH=/home/user/ros2_ws/src/citylab_project/install/custom_interfaces:/home/user/ros2_ws/install/robot_patrol:/home/user/ros2_ws/install/custom_interfaces:/opt/ros/humble:/home/simulations/ros2_sims_ws/install/robot_description LD_LIBRARY_PATH=/home/user/ros2_ws/src/citylab_project/install/custom_interfaces/lib:/usr/local/cuda-10.2/lib64:/home/user/.catkin_ws_python3/src/TensorRT-7.0.0.11/lib:/home/user/ros2_ws/install/robot_patrol/lib:/home/user/ros2_ws/install/custom_interfaces/lib:/opt/ros/humble/opt/rviz_ogre_vendor/lib:/opt/ros/humble/lib/x86_64-linux-gnu:/opt/ros/humble/lib:/usr/local/cuda-10.2/lib64:/home/user/.catkin_ws_python3/src/TensorRT-7.0.0.11/lib:/usr/lib/x86_64-linux-gnu/gazebo-11/plugins:/usr/lib/x86_64-linux-gnu/gazebo-11/plugins:/usr/lib/x86_64-linux-gnu/gazebo-11/plugins PYTHONPATH=/home/user/ros2_ws/src/citylab_project/install/custom_interfaces/local/lib/python3.10/dist-packages:${PYTHONPATH} _=/usr/bin/env /usr/bin/cmake --build /home/user/ros2_ws/src/citylab_project/build/robot_patrol -- -j8 -l8
[0.064s] [35m[1mConsolidate compiler generated dependencies of target direction_service[0m
[0.075s] [  2%] Built target robot_patrol__cpp
[0.078s] [  9%] Built target robot_patrol__rosidl_generator_c
[0.082s] [ 14%] Built target robot_patrol_executable
[0.083s] [ 19%] Built target test_service
[0.086s] [ 19%] Built target ament_cmake_python_copy_robot_patrol
[0.086s] [ 24%] Built target robot_patrol_executable2
[0.092s] [ 29%] Built target direction_service
[0.106s] [ 36%] Built target robot_patrol__rosidl_typesupport_cpp
[0.114s] [ 43%] Built target robot_patrol__rosidl_typesupport_fastrtps_cpp
[0.115s] [ 51%] Built target robot_patrol__rosidl_typesupport_introspection_c
[0.116s] [ 58%] Built target robot_patrol__rosidl_typesupport_introspection_cpp
[0.119s] [ 65%] Built target robot_patrol__rosidl_typesupport_c
[0.121s] [ 73%] Built target robot_patrol__rosidl_typesupport_fastrtps_c
[0.141s] [ 73%] Built target robot_patrol
[0.157s] [35m[1mConsolidate compiler generated dependencies of target action_service[0m
[0.166s] [ 75%] Built target robot_patrol__py
[0.184s] [ 78%] [32mBuilding CXX object CMakeFiles/action_service.dir/src/go_to_pose_action.cpp.o[0m
[0.192s] [ 82%] Built target robot_patrol__rosidl_generator_py
[0.219s] [ 87%] Built target robot_patrol__rosidl_typesupport_c__pyext
[0.222s] [ 97%] Built target robot_patrol__rosidl_typesupport_fastrtps_c__pyext
[0.222s] [ 97%] Built target robot_patrol__rosidl_typesupport_introspection_c__pyext
[0.348s] running egg_info
[0.369s] writing robot_patrol.egg-info/PKG-INFO
[0.369s] writing dependency_links to robot_patrol.egg-info/dependency_links.txt
[0.370s] writing top-level names to robot_patrol.egg-info/top_level.txt
[0.434s] reading manifest file 'robot_patrol.egg-info/SOURCES.txt'
[0.435s] writing manifest file 'robot_patrol.egg-info/SOURCES.txt'
[0.475s] [ 97%] Built target ament_cmake_python_build_robot_patrol_egg
[9.988s] [100%] [32m[1mLinking CXX executable action_service[0m
[10.378s] [100%] Built target action_service
[10.388s] Invoked command in '/home/user/ros2_ws/src/citylab_project/build/robot_patrol' returned '0': AMENT_PREFIX_PATH=/home/user/ros2_ws/src/citylab_project/install/custom_interfaces:${AMENT_PREFIX_PATH} CMAKE_PREFIX_PATH=/home/user/ros2_ws/src/citylab_project/install/custom_interfaces:/home/user/ros2_ws/install/robot_patrol:/home/user/ros2_ws/install/custom_interfaces:/opt/ros/humble:/home/simulations/ros2_sims_ws/install/robot_description LD_LIBRARY_PATH=/home/user/ros2_ws/src/citylab_project/install/custom_interfaces/lib:/usr/local/cuda-10.2/lib64:/home/user/.catkin_ws_python3/src/TensorRT-7.0.0.11/lib:/home/user/ros2_ws/install/robot_patrol/lib:/home/user/ros2_ws/install/custom_interfaces/lib:/opt/ros/humble/opt/rviz_ogre_vendor/lib:/opt/ros/humble/lib/x86_64-linux-gnu:/opt/ros/humble/lib:/usr/local/cuda-10.2/lib64:/home/user/.catkin_ws_python3/src/TensorRT-7.0.0.11/lib:/usr/lib/x86_64-linux-gnu/gazebo-11/plugins:/usr/lib/x86_64-linux-gnu/gazebo-11/plugins:/usr/lib/x86_64-linux-gnu/gazebo-11/plugins PYTHONPATH=/home/user/ros2_ws/src/citylab_project/install/custom_interfaces/local/lib/python3.10/dist-packages:${PYTHONPATH} _=/usr/bin/env /usr/bin/cmake --build /home/user/ros2_ws/src/citylab_project/build/robot_patrol -- -j8 -l8
[10.390s] Invoking command in '/home/user/ros2_ws/src/citylab_project/build/robot_patrol': AMENT_PREFIX_PATH=/home/user/ros2_ws/src/citylab_project/install/custom_interfaces:${AMENT_PREFIX_PATH} CMAKE_PREFIX_PATH=/home/user/ros2_ws/src/citylab_project/install/custom_interfaces:/home/user/ros2_ws/install/robot_patrol:/home/user/ros2_ws/install/custom_interfaces:/opt/ros/humble:/home/simulations/ros2_sims_ws/install/robot_description LD_LIBRARY_PATH=/home/user/ros2_ws/src/citylab_project/install/custom_interfaces/lib:/usr/local/cuda-10.2/lib64:/home/user/.catkin_ws_python3/src/TensorRT-7.0.0.11/lib:/home/user/ros2_ws/install/robot_patrol/lib:/home/user/ros2_ws/install/custom_interfaces/lib:/opt/ros/humble/opt/rviz_ogre_vendor/lib:/opt/ros/humble/lib/x86_64-linux-gnu:/opt/ros/humble/lib:/usr/local/cuda-10.2/lib64:/home/user/.catkin_ws_python3/src/TensorRT-7.0.0.11/lib:/usr/lib/x86_64-linux-gnu/gazebo-11/plugins:/usr/lib/x86_64-linux-gnu/gazebo-11/plugins:/usr/lib/x86_64-linux-gnu/gazebo-11/plugins PYTHONPATH=/home/user/ros2_ws/src/citylab_project/install/custom_interfaces/local/lib/python3.10/dist-packages:${PYTHONPATH} _=/usr/bin/env /usr/bin/cmake --install /home/user/ros2_ws/src/citylab_project/build/robot_patrol
[10.398s] -- Install configuration: ""
[10.398s] -- Up-to-date: /home/user/ros2_ws/src/citylab_project/install/robot_patrol/lib/robot_patrol/robot_patrol_executable
[10.399s] -- Up-to-date: /home/user/ros2_ws/src/citylab_project/install/robot_patrol/lib/robot_patrol/robot_patrol_executable2
[10.399s] -- Up-to-date: /home/user/ros2_ws/src/citylab_project/install/robot_patrol/lib/robot_patrol/direction_service
[10.399s] -- Up-to-date: /home/user/ros2_ws/src/citylab_project/install/robot_patrol/lib/robot_patrol/test_service
[10.399s] -- Installing: /home/user/ros2_ws/src/citylab_project/install/robot_patrol/lib/robot_patrol/action_service
[10.405s] -- Set runtime path of "/home/user/ros2_ws/src/citylab_project/install/robot_patrol/lib/robot_patrol/action_service" to ""
[10.405s] -- Up-to-date: /home/user/ros2_ws/src/citylab_project/install/robot_patrol/share/ament_index/resource_index/rosidl_interfaces/robot_patrol
[10.405s] -- Up-to-date: /home/user/ros2_ws/src/citylab_project/install/robot_patrol/include/robot_patrol/robot_patrol
[10.406s] -- Up-to-date: /home/user/ros2_ws/src/citylab_project/install/robot_patrol/include/robot_patrol/robot_patrol/msg
[10.406s] -- Up-to-date: /home/user/ros2_ws/src/citylab_project/install/robot_patrol/include/robot_patrol/robot_patrol/msg/rosidl_generator_c__visibility_control.h
[10.406s] -- Up-to-date: /home/user/ros2_ws/src/citylab_project/install/robot_patrol/include/robot_patrol/robot_patrol/action
[10.406s] -- Up-to-date: /home/user/ros2_ws/src/citylab_project/install/robot_patrol/include/robot_patrol/robot_patrol/action/detail
[10.406s] -- Up-to-date: /home/user/ros2_ws/src/citylab_project/install/robot_patrol/include/robot_patrol/robot_patrol/action/detail/go_to_pose__type_support.h
[10.406s] -- Up-to-date: /home/user/ros2_ws/src/citylab_project/install/robot_patrol/include/robot_patrol/robot_patrol/action/detail/go_to_pose__struct.h
[10.407s] -- Up-to-date: /home/user/ros2_ws/src/citylab_project/install/robot_patrol/include/robot_patrol/robot_patrol/action/detail/go_to_pose__functions.c
[10.407s] -- Up-to-date: /home/user/ros2_ws/src/citylab_project/install/robot_patrol/include/robot_patrol/robot_patrol/action/detail/go_to_pose__functions.h
[10.407s] -- Up-to-date: /home/user/ros2_ws/src/citylab_project/install/robot_patrol/include/robot_patrol/robot_patrol/action/go_to_pose.h
[10.407s] -- Up-to-date: /home/user/ros2_ws/src/citylab_project/install/robot_patrol/share/robot_patrol/environment/library_path.sh
[10.408s] -- Up-to-date: /home/user/ros2_ws/src/citylab_project/install/robot_patrol/share/robot_patrol/environment/library_path.dsv
[10.408s] -- Up-to-date: /home/user/ros2_ws/src/citylab_project/install/robot_patrol/lib/librobot_patrol__rosidl_generator_c.so
[10.408s] -- Up-to-date: /home/user/ros2_ws/src/citylab_project/install/robot_patrol/include/robot_patrol/robot_patrol
[10.408s] -- Up-to-date: /home/user/ros2_ws/src/citylab_project/install/robot_patrol/include/robot_patrol/robot_patrol/msg
[10.408s] -- Up-to-date: /home/user/ros2_ws/src/citylab_project/install/robot_patrol/include/robot_patrol/robot_patrol/msg/rosidl_typesupport_fastrtps_c__visibility_control.h
[10.408s] -- Up-to-date: /home/user/ros2_ws/src/citylab_project/install/robot_patrol/include/robot_patrol/robot_patrol/action
[10.408s] -- Up-to-date: /home/user/ros2_ws/src/citylab_project/install/robot_patrol/include/robot_patrol/robot_patrol/action/detail
[10.409s] -- Up-to-date: /home/user/ros2_ws/src/citylab_project/install/robot_patrol/include/robot_patrol/robot_patrol/action/detail/go_to_pose__rosidl_typesupport_fastrtps_c.h
[10.409s] -- Up-to-date: /home/user/ros2_ws/src/citylab_project/install/robot_patrol/lib/librobot_patrol__rosidl_typesupport_fastrtps_c.so
[10.409s] -- Up-to-date: /home/user/ros2_ws/src/citylab_project/install/robot_patrol/include/robot_patrol/robot_patrol
[10.409s] -- Up-to-date: /home/user/ros2_ws/src/citylab_project/install/robot_patrol/include/robot_patrol/robot_patrol/msg
[10.409s] -- Up-to-date: /home/user/ros2_ws/src/citylab_project/install/robot_patrol/include/robot_patrol/robot_patrol/msg/rosidl_generator_cpp__visibility_control.hpp
[10.409s] -- Up-to-date: /home/user/ros2_ws/src/citylab_project/install/robot_patrol/include/robot_patrol/robot_patrol/action
[10.410s] -- Up-to-date: /home/user/ros2_ws/src/citylab_project/install/robot_patrol/include/robot_patrol/robot_patrol/action/detail
[10.410s] -- Up-to-date: /home/user/ros2_ws/src/citylab_project/install/robot_patrol/include/robot_patrol/robot_patrol/action/detail/go_to_pose__traits.hpp
[10.410s] -- Up-to-date: /home/user/ros2_ws/src/citylab_project/install/robot_patrol/include/robot_patrol/robot_patrol/action/detail/go_to_pose__builder.hpp
[10.410s] -- Up-to-date: /home/user/ros2_ws/src/citylab_project/install/robot_patrol/include/robot_patrol/robot_patrol/action/detail/go_to_pose__type_support.hpp
[10.410s] -- Up-to-date: /home/user/ros2_ws/src/citylab_project/install/robot_patrol/include/robot_patrol/robot_patrol/action/detail/go_to_pose__struct.hpp
[10.410s] -- Up-to-date: /home/user/ros2_ws/src/citylab_project/install/robot_patrol/include/robot_patrol/robot_patrol/action/go_to_pose.hpp
[10.410s] -- Up-to-date: /home/user/ros2_ws/src/citylab_project/install/robot_patrol/include/robot_patrol/robot_patrol
[10.410s] -- Up-to-date: /home/user/ros2_ws/src/citylab_project/install/robot_patrol/include/robot_patrol/robot_patrol/msg
[10.411s] -- Up-to-date: /home/user/ros2_ws/src/citylab_project/install/robot_patrol/include/robot_patrol/robot_patrol/msg/rosidl_typesupport_fastrtps_cpp__visibility_control.h
[10.411s] -- Up-to-date: /home/user/ros2_ws/src/citylab_project/install/robot_patrol/include/robot_patrol/robot_patrol/action
[10.411s] -- Up-to-date: /home/user/ros2_ws/src/citylab_project/install/robot_patrol/include/robot_patrol/robot_patrol/action/detail
[10.411s] -- Up-to-date: /home/user/ros2_ws/src/citylab_project/install/robot_patrol/include/robot_patrol/robot_patrol/action/detail/go_to_pose__rosidl_typesupport_fastrtps_cpp.hpp
[10.411s] -- Up-to-date: /home/user/ros2_ws/src/citylab_project/install/robot_patrol/include/robot_patrol/robot_patrol/action/detail/dds_fastrtps
[10.411s] -- Up-to-date: /home/user/ros2_ws/src/citylab_project/install/robot_patrol/lib/librobot_patrol__rosidl_typesupport_fastrtps_cpp.so
[10.411s] -- Up-to-date: /home/user/ros2_ws/src/citylab_project/install/robot_patrol/include/robot_patrol/robot_patrol
[10.412s] -- Up-to-date: /home/user/ros2_ws/src/citylab_project/install/robot_patrol/include/robot_patrol/robot_patrol/msg
[10.412s] -- Up-to-date: /home/user/ros2_ws/src/citylab_project/install/robot_patrol/include/robot_patrol/robot_patrol/msg/rosidl_typesupport_introspection_c__visibility_control.h
[10.412s] -- Up-to-date: /home/user/ros2_ws/src/citylab_project/install/robot_patrol/include/robot_patrol/robot_patrol/action
[10.412s] -- Up-to-date: /home/user/ros2_ws/src/citylab_project/install/robot_patrol/include/robot_patrol/robot_patrol/action/detail
[10.412s] -- Up-to-date: /home/user/ros2_ws/src/citylab_project/install/robot_patrol/include/robot_patrol/robot_patrol/action/detail/go_to_pose__type_support.c
[10.412s] -- Up-to-date: /home/user/ros2_ws/src/citylab_project/install/robot_patrol/include/robot_patrol/robot_patrol/action/detail/go_to_pose__rosidl_typesupport_introspection_c.h
[10.412s] -- Up-to-date: /home/user/ros2_ws/src/citylab_project/install/robot_patrol/lib/librobot_patrol__rosidl_typesupport_introspection_c.so
[10.412s] -- Up-to-date: /home/user/ros2_ws/src/citylab_project/install/robot_patrol/lib/librobot_patrol__rosidl_typesupport_c.so
[10.412s] -- Up-to-date: /home/user/ros2_ws/src/citylab_project/install/robot_patrol/include/robot_patrol/robot_patrol
[10.412s] -- Up-to-date: /home/user/ros2_ws/src/citylab_project/install/robot_patrol/include/robot_patrol/robot_patrol/action
[10.413s] -- Up-to-date: /home/user/ros2_ws/src/citylab_project/install/robot_patrol/include/robot_patrol/robot_patrol/action/detail
[10.413s] -- Up-to-date: /home/user/ros2_ws/src/citylab_project/install/robot_patrol/include/robot_patrol/robot_patrol/action/detail/go_to_pose__rosidl_typesupport_introspection_cpp.hpp
[10.413s] -- Up-to-date: /home/user/ros2_ws/src/citylab_project/install/robot_patrol/include/robot_patrol/robot_patrol/action/detail/go_to_pose__type_support.cpp
[10.413s] -- Up-to-date: /home/user/ros2_ws/src/citylab_project/install/robot_patrol/lib/librobot_patrol__rosidl_typesupport_introspection_cpp.so
[10.413s] -- Up-to-date: /home/user/ros2_ws/src/citylab_project/install/robot_patrol/lib/librobot_patrol__rosidl_typesupport_cpp.so
[10.413s] -- Up-to-date: /home/user/ros2_ws/src/citylab_project/install/robot_patrol/share/robot_patrol/environment/pythonpath.sh
[10.413s] -- Up-to-date: /home/user/ros2_ws/src/citylab_project/install/robot_patrol/share/robot_patrol/environment/pythonpath.dsv
[10.413s] -- Up-to-date: /home/user/ros2_ws/src/citylab_project/install/robot_patrol/local/lib/python3.10/dist-packages/robot_patrol-0.0.0-py3.10.egg-info
[10.413s] -- Installing: /home/user/ros2_ws/src/citylab_project/install/robot_patrol/local/lib/python3.10/dist-packages/robot_patrol-0.0.0-py3.10.egg-info/PKG-INFO
[10.414s] -- Installing: /home/user/ros2_ws/src/citylab_project/install/robot_patrol/local/lib/python3.10/dist-packages/robot_patrol-0.0.0-py3.10.egg-info/top_level.txt
[10.414s] -- Installing: /home/user/ros2_ws/src/citylab_project/install/robot_patrol/local/lib/python3.10/dist-packages/robot_patrol-0.0.0-py3.10.egg-info/SOURCES.txt
[10.414s] -- Installing: /home/user/ros2_ws/src/citylab_project/install/robot_patrol/local/lib/python3.10/dist-packages/robot_patrol-0.0.0-py3.10.egg-info/dependency_links.txt
[10.414s] -- Up-to-date: /home/user/ros2_ws/src/citylab_project/install/robot_patrol/local/lib/python3.10/dist-packages/robot_patrol
[10.414s] -- Up-to-date: /home/user/ros2_ws/src/citylab_project/install/robot_patrol/local/lib/python3.10/dist-packages/robot_patrol/_robot_patrol_s.ep.rosidl_typesupport_c.c
[10.414s] -- Up-to-date: /home/user/ros2_ws/src/citylab_project/install/robot_patrol/local/lib/python3.10/dist-packages/robot_patrol/_robot_patrol_s.ep.rosidl_typesupport_introspection_c.c
[10.414s] -- Up-to-date: /home/user/ros2_ws/src/citylab_project/install/robot_patrol/local/lib/python3.10/dist-packages/robot_patrol/librobot_patrol__rosidl_generator_py.so
[10.414s] -- Up-to-date: /home/user/ros2_ws/src/citylab_project/install/robot_patrol/local/lib/python3.10/dist-packages/robot_patrol/__init__.py
[10.414s] -- Up-to-date: /home/user/ros2_ws/src/citylab_project/install/robot_patrol/local/lib/python3.10/dist-packages/robot_patrol/robot_patrol_s__rosidl_typesupport_c.cpython-310-x86_64-linux-gnu.so
[10.415s] -- Up-to-date: /home/user/ros2_ws/src/citylab_project/install/robot_patrol/local/lib/python3.10/dist-packages/robot_patrol/robot_patrol_s__rosidl_typesupport_introspection_c.cpython-310-x86_64-linux-gnu.so
[10.415s] -- Up-to-date: /home/user/ros2_ws/src/citylab_project/install/robot_patrol/local/lib/python3.10/dist-packages/robot_patrol/_robot_patrol_s.ep.rosidl_typesupport_fastrtps_c.c
[10.415s] -- Up-to-date: /home/user/ros2_ws/src/citylab_project/install/robot_patrol/local/lib/python3.10/dist-packages/robot_patrol/action
[10.415s] -- Up-to-date: /home/user/ros2_ws/src/citylab_project/install/robot_patrol/local/lib/python3.10/dist-packages/robot_patrol/action/_go_to_pose_s.c
[10.415s] -- Up-to-date: /home/user/ros2_ws/src/citylab_project/install/robot_patrol/local/lib/python3.10/dist-packages/robot_patrol/action/__init__.py
[10.415s] -- Up-to-date: /home/user/ros2_ws/src/citylab_project/install/robot_patrol/local/lib/python3.10/dist-packages/robot_patrol/action/_go_to_pose.py
[10.415s] -- Up-to-date: /home/user/ros2_ws/src/citylab_project/install/robot_patrol/local/lib/python3.10/dist-packages/robot_patrol/robot_patrol_s__rosidl_typesupport_fastrtps_c.cpython-310-x86_64-linux-gnu.so
[10.447s] Listing '/home/user/ros2_ws/src/citylab_project/install/robot_patrol/local/lib/python3.10/dist-packages/robot_patrol'...
[10.447s] Listing '/home/user/ros2_ws/src/citylab_project/install/robot_patrol/local/lib/python3.10/dist-packages/robot_patrol/action'...
[10.451s] -- Up-to-date: /home/user/ros2_ws/src/citylab_project/install/robot_patrol/local/lib/python3.10/dist-packages/robot_patrol/robot_patrol_s__rosidl_typesupport_fastrtps_c.cpython-310-x86_64-linux-gnu.so
[10.451s] -- Up-to-date: /home/user/ros2_ws/src/citylab_project/install/robot_patrol/local/lib/python3.10/dist-packages/robot_patrol/robot_patrol_s__rosidl_typesupport_introspection_c.cpython-310-x86_64-linux-gnu.so
[10.452s] -- Up-to-date: /home/user/ros2_ws/src/citylab_project/install/robot_patrol/local/lib/python3.10/dist-packages/robot_patrol/robot_patrol_s__rosidl_typesupport_c.cpython-310-x86_64-linux-gnu.so
[10.452s] -- Up-to-date: /home/user/ros2_ws/src/citylab_project/install/robot_patrol/lib/librobot_patrol__rosidl_generator_py.so
[10.453s] -- Up-to-date: /home/user/ros2_ws/src/citylab_project/install/robot_patrol/share/robot_patrol/action/GoToPose.idl
[10.453s] -- Up-to-date: /home/user/ros2_ws/src/citylab_project/install/robot_patrol/share/robot_patrol/action/GoToPose.action
[10.453s] -- Up-to-date: /home/user/ros2_ws/src/citylab_project/install/robot_patrol/share/robot_patrol/launch
[10.453s] -- Up-to-date: /home/user/ros2_ws/src/citylab_project/install/robot_patrol/share/robot_patrol/launch/main.launch.py
[10.453s] -- Up-to-date: /home/user/ros2_ws/src/citylab_project/install/robot_patrol/share/robot_patrol/launch/start_direction_service.launch.py
[10.453s] -- Up-to-date: /home/user/ros2_ws/src/citylab_project/install/robot_patrol/share/robot_patrol/launch/start_gotopose_action.launch.py
[10.453s] -- Up-to-date: /home/user/ros2_ws/src/citylab_project/install/robot_patrol/share/robot_patrol/launch/start_test_service.launch.py
[10.454s] -- Up-to-date: /home/user/ros2_ws/src/citylab_project/install/robot_patrol/share/robot_patrol/launch/start_patrolling.launch.py
[10.454s] -- Up-to-date: /home/user/ros2_ws/src/citylab_project/install/robot_patrol/share/robot_patrol/rivz
[10.454s] -- Up-to-date: /home/user/ros2_ws/src/citylab_project/install/robot_patrol/share/robot_patrol/rivz/virtualrvizconfig.rviz
[10.454s] -- Up-to-date: /home/user/ros2_ws/src/citylab_project/install/robot_patrol/share/robot_patrol/rivz/realvizconfig.rviz
[10.454s] -- Up-to-date: /home/user/ros2_ws/src/citylab_project/install/robot_patrol/share/ament_index/resource_index/package_run_dependencies/robot_patrol
[10.454s] -- Up-to-date: /home/user/ros2_ws/src/citylab_project/install/robot_patrol/share/ament_index/resource_index/parent_prefix_path/robot_patrol
[10.454s] -- Up-to-date: /home/user/ros2_ws/src/citylab_project/install/robot_patrol/share/robot_patrol/environment/ament_prefix_path.sh
[10.454s] -- Up-to-date: /home/user/ros2_ws/src/citylab_project/install/robot_patrol/share/robot_patrol/environment/ament_prefix_path.dsv
[10.454s] -- Up-to-date: /home/user/ros2_ws/src/citylab_project/install/robot_patrol/share/robot_patrol/environment/path.sh
[10.455s] -- Up-to-date: /home/user/ros2_ws/src/citylab_project/install/robot_patrol/share/robot_patrol/environment/path.dsv
[10.455s] -- Up-to-date: /home/user/ros2_ws/src/citylab_project/install/robot_patrol/share/robot_patrol/local_setup.bash
[10.455s] -- Up-to-date: /home/user/ros2_ws/src/citylab_project/install/robot_patrol/share/robot_patrol/local_setup.sh
[10.455s] -- Up-to-date: /home/user/ros2_ws/src/citylab_project/install/robot_patrol/share/robot_patrol/local_setup.zsh
[10.455s] -- Up-to-date: /home/user/ros2_ws/src/citylab_project/install/robot_patrol/share/robot_patrol/local_setup.dsv
[10.455s] -- Installing: /home/user/ros2_ws/src/citylab_project/install/robot_patrol/share/robot_patrol/package.dsv
[10.455s] -- Up-to-date: /home/user/ros2_ws/src/citylab_project/install/robot_patrol/share/ament_index/resource_index/packages/robot_patrol
[10.456s] -- Up-to-date: /home/user/ros2_ws/src/citylab_project/install/robot_patrol/share/robot_patrol/cmake/export_robot_patrol__rosidl_generator_cExport.cmake
[10.456s] -- Up-to-date: /home/user/ros2_ws/src/citylab_project/install/robot_patrol/share/robot_patrol/cmake/export_robot_patrol__rosidl_generator_cExport-noconfig.cmake
[10.456s] -- Up-to-date: /home/user/ros2_ws/src/citylab_project/install/robot_patrol/share/robot_patrol/cmake/export_robot_patrol__rosidl_typesupport_fastrtps_cExport.cmake
[10.456s] -- Up-to-date: /home/user/ros2_ws/src/citylab_project/install/robot_patrol/share/robot_patrol/cmake/export_robot_patrol__rosidl_typesupport_fastrtps_cExport-noconfig.cmake
[10.456s] -- Up-to-date: /home/user/ros2_ws/src/citylab_project/install/robot_patrol/share/robot_patrol/cmake/export_robot_patrol__rosidl_generator_cppExport.cmake
[10.456s] -- Up-to-date: /home/user/ros2_ws/src/citylab_project/install/robot_patrol/share/robot_patrol/cmake/export_robot_patrol__rosidl_typesupport_fastrtps_cppExport.cmake
[10.456s] -- Up-to-date: /home/user/ros2_ws/src/citylab_project/install/robot_patrol/share/robot_patrol/cmake/export_robot_patrol__rosidl_typesupport_fastrtps_cppExport-noconfig.cmake
[10.456s] -- Up-to-date: /home/user/ros2_ws/src/citylab_project/install/robot_patrol/share/robot_patrol/cmake/robot_patrol__rosidl_typesupport_introspection_cExport.cmake
[10.456s] -- Up-to-date: /home/user/ros2_ws/src/citylab_project/install/robot_patrol/share/robot_patrol/cmake/robot_patrol__rosidl_typesupport_introspection_cExport-noconfig.cmake
[10.456s] -- Up-to-date: /home/user/ros2_ws/src/citylab_project/install/robot_patrol/share/robot_patrol/cmake/robot_patrol__rosidl_typesupport_cExport.cmake
[10.456s] -- Up-to-date: /home/user/ros2_ws/src/citylab_project/install/robot_patrol/share/robot_patrol/cmake/robot_patrol__rosidl_typesupport_cExport-noconfig.cmake
[10.457s] -- Up-to-date: /home/user/ros2_ws/src/citylab_project/install/robot_patrol/share/robot_patrol/cmake/robot_patrol__rosidl_typesupport_introspection_cppExport.cmake
[10.457s] -- Up-to-date: /home/user/ros2_ws/src/citylab_project/install/robot_patrol/share/robot_patrol/cmake/robot_patrol__rosidl_typesupport_introspection_cppExport-noconfig.cmake
[10.457s] -- Up-to-date: /home/user/ros2_ws/src/citylab_project/install/robot_patrol/share/robot_patrol/cmake/robot_patrol__rosidl_typesupport_cppExport.cmake
[10.457s] -- Up-to-date: /home/user/ros2_ws/src/citylab_project/install/robot_patrol/share/robot_patrol/cmake/robot_patrol__rosidl_typesupport_cppExport-noconfig.cmake
[10.457s] -- Up-to-date: /home/user/ros2_ws/src/citylab_project/install/robot_patrol/share/robot_patrol/cmake/export_robot_patrol__rosidl_generator_pyExport.cmake
[10.457s] -- Up-to-date: /home/user/ros2_ws/src/citylab_project/install/robot_patrol/share/robot_patrol/cmake/export_robot_patrol__rosidl_generator_pyExport-noconfig.cmake
[10.457s] -- Up-to-date: /home/user/ros2_ws/src/citylab_project/install/robot_patrol/share/robot_patrol/cmake/rosidl_cmake-extras.cmake
[10.457s] -- Up-to-date: /home/user/ros2_ws/src/citylab_project/install/robot_patrol/share/robot_patrol/cmake/ament_cmake_export_dependencies-extras.cmake
[10.457s] -- Up-to-date: /home/user/ros2_ws/src/citylab_project/install/robot_patrol/share/robot_patrol/cmake/ament_cmake_export_include_directories-extras.cmake
[10.457s] -- Up-to-date: /home/user/ros2_ws/src/citylab_project/install/robot_patrol/share/robot_patrol/cmake/ament_cmake_export_libraries-extras.cmake
[10.457s] -- Up-to-date: /home/user/ros2_ws/src/citylab_project/install/robot_patrol/share/robot_patrol/cmake/ament_cmake_export_targets-extras.cmake
[10.457s] -- Up-to-date: /home/user/ros2_ws/src/citylab_project/install/robot_patrol/share/robot_patrol/cmake/rosidl_cmake_export_typesupport_targets-extras.cmake
[10.458s] -- Up-to-date: /home/user/ros2_ws/src/citylab_project/install/robot_patrol/share/robot_patrol/cmake/rosidl_cmake_export_typesupport_libraries-extras.cmake
[10.458s] -- Up-to-date: /home/user/ros2_ws/src/citylab_project/install/robot_patrol/share/robot_patrol/cmake/robot_patrolConfig.cmake
[10.458s] -- Up-to-date: /home/user/ros2_ws/src/citylab_project/install/robot_patrol/share/robot_patrol/cmake/robot_patrolConfig-version.cmake
[10.459s] -- Up-to-date: /home/user/ros2_ws/src/citylab_project/install/robot_patrol/share/robot_patrol/package.xml
[10.459s] Invoked command in '/home/user/ros2_ws/src/citylab_project/build/robot_patrol' returned '0': AMENT_PREFIX_PATH=/home/user/ros2_ws/src/citylab_project/install/custom_interfaces:${AMENT_PREFIX_PATH} CMAKE_PREFIX_PATH=/home/user/ros2_ws/src/citylab_project/install/custom_interfaces:/home/user/ros2_ws/install/robot_patrol:/home/user/ros2_ws/install/custom_interfaces:/opt/ros/humble:/home/simulations/ros2_sims_ws/install/robot_description LD_LIBRARY_PATH=/home/user/ros2_ws/src/citylab_project/install/custom_interfaces/lib:/usr/local/cuda-10.2/lib64:/home/user/.catkin_ws_python3/src/TensorRT-7.0.0.11/lib:/home/user/ros2_ws/install/robot_patrol/lib:/home/user/ros2_ws/install/custom_interfaces/lib:/opt/ros/humble/opt/rviz_ogre_vendor/lib:/opt/ros/humble/lib/x86_64-linux-gnu:/opt/ros/humble/lib:/usr/local/cuda-10.2/lib64:/home/user/.catkin_ws_python3/src/TensorRT-7.0.0.11/lib:/usr/lib/x86_64-linux-gnu/gazebo-11/plugins:/usr/lib/x86_64-linux-gnu/gazebo-11/plugins:/usr/lib/x86_64-linux-gnu/gazebo-11/plugins PYTHONPATH=/home/user/ros2_ws/src/citylab_project/install/custom_interfaces/local/lib/python3.10/dist-packages:${PYTHONPATH} _=/usr/bin/env /usr/bin/cmake --install /home/user/ros2_ws/src/citylab_project/build/robot_patrol
