[0.015s] Invoking command in '/home/user/ros2_ws/src/citylab_project/build/custom_interfaces': CMAKE_PREFIX_PATH=${CMAKE_PREFIX_PATH}:/opt/ros/humble:/home/simulations/ros2_sims_ws/install/robot_description _=/usr/bin/env /usr/bin/cmake --build /home/user/ros2_ws/src/citylab_project/build/custom_interfaces -- -j8 -l8
[0.056s] [35m[1mConsolidate compiler generated dependencies of target custom_interfaces__rosidl_generator_c[0m
[0.066s] [  3%] Built target custom_interfaces__cpp
[0.069s] [ 12%] Built target custom_interfaces__rosidl_generator_c
[0.077s] [ 12%] Built target ament_cmake_python_copy_custom_interfaces
[0.079s] [35m[1mConsolidate compiler generated dependencies of target custom_interfaces__rosidl_typesupport_introspection_cpp[0m
[0.080s] [35m[1mConsolidate compiler generated dependencies of target custom_interfaces__rosidl_typesupport_cpp[0m
[0.080s] [35m[1mConsolidate compiler generated dependencies of target custom_interfaces__rosidl_typesupport_fastrtps_cpp[0m
[0.084s] [35m[1mConsolidate compiler generated dependencies of target custom_interfaces__rosidl_typesupport_c[0m
[0.084s] [35m[1mConsolidate compiler generated dependencies of target custom_interfaces__rosidl_typesupport_introspection_c[0m
[0.085s] [35m[1mConsolidate compiler generated dependencies of target custom_interfaces__rosidl_typesupport_fastrtps_c[0m
[0.099s] [ 22%] Built target custom_interfaces__rosidl_typesupport_cpp
[0.100s] [ 32%] Built target custom_interfaces__rosidl_typesupport_fastrtps_cpp
[0.101s] [ 41%] Built target custom_interfaces__rosidl_typesupport_introspection_cpp
[0.101s] [ 51%] Built target custom_interfaces__rosidl_typesupport_introspection_c
[0.103s] [ 61%] Built target custom_interfaces__rosidl_typesupport_c
[0.108s] [ 70%] Built target custom_interfaces__rosidl_typesupport_fastrtps_c
[0.128s] [ 70%] Built target custom_interfaces
[0.151s] [ 74%] Built target custom_interfaces__py
[0.161s] [35m[1mConsolidate compiler generated dependencies of target custom_interfaces__rosidl_generator_py[0m
[0.174s] [ 80%] Built target custom_interfaces__rosidl_generator_py
[0.185s] [35m[1mConsolidate compiler generated dependencies of target custom_interfaces__rosidl_typesupport_c__pyext[0m
[0.187s] [35m[1mConsolidate compiler generated dependencies of target custom_interfaces__rosidl_typesupport_fastrtps_c__pyext[0m
[0.188s] [35m[1mConsolidate compiler generated dependencies of target custom_interfaces__rosidl_typesupport_introspection_c__pyext[0m
[0.198s] [ 87%] Built target custom_interfaces__rosidl_typesupport_c__pyext
[0.206s] [100%] Built target custom_interfaces__rosidl_typesupport_fastrtps_c__pyext
[0.206s] [100%] Built target custom_interfaces__rosidl_typesupport_introspection_c__pyext
[0.327s] running egg_info
[0.346s] writing custom_interfaces.egg-info/PKG-INFO
[0.347s] writing dependency_links to custom_interfaces.egg-info/dependency_links.txt
[0.347s] writing top-level names to custom_interfaces.egg-info/top_level.txt
[0.403s] reading manifest file 'custom_interfaces.egg-info/SOURCES.txt'
[0.405s] writing manifest file 'custom_interfaces.egg-info/SOURCES.txt'
[0.435s] [100%] Built target ament_cmake_python_build_custom_interfaces_egg
[0.445s] Invoked command in '/home/user/ros2_ws/src/citylab_project/build/custom_interfaces' returned '0': CMAKE_PREFIX_PATH=${CMAKE_PREFIX_PATH}:/opt/ros/humble:/home/simulations/ros2_sims_ws/install/robot_description _=/usr/bin/env /usr/bin/cmake --build /home/user/ros2_ws/src/citylab_project/build/custom_interfaces -- -j8 -l8
[0.456s] Invoking command in '/home/user/ros2_ws/src/citylab_project/build/custom_interfaces': CMAKE_PREFIX_PATH=${CMAKE_PREFIX_PATH}:/opt/ros/humble:/home/simulations/ros2_sims_ws/install/robot_description _=/usr/bin/env /usr/bin/cmake --install /home/user/ros2_ws/src/citylab_project/build/custom_interfaces
[0.463s] -- Install configuration: ""
[0.463s] -- Up-to-date: /home/user/ros2_ws/src/citylab_project/install/custom_interfaces/share/ament_index/resource_index/rosidl_interfaces/custom_interfaces
[0.463s] -- Up-to-date: /home/user/ros2_ws/src/citylab_project/install/custom_interfaces/include/custom_interfaces/custom_interfaces
[0.463s] -- Up-to-date: /home/user/ros2_ws/src/citylab_project/install/custom_interfaces/include/custom_interfaces/custom_interfaces/srv
[0.463s] -- Up-to-date: /home/user/ros2_ws/src/citylab_project/install/custom_interfaces/include/custom_interfaces/custom_interfaces/srv/detail
[0.463s] -- Up-to-date: /home/user/ros2_ws/src/citylab_project/install/custom_interfaces/include/custom_interfaces/custom_interfaces/srv/detail/get_direction__functions.h
[0.464s] -- Up-to-date: /home/user/ros2_ws/src/citylab_project/install/custom_interfaces/include/custom_interfaces/custom_interfaces/srv/detail/get_direction__functions.c
[0.464s] -- Up-to-date: /home/user/ros2_ws/src/citylab_project/install/custom_interfaces/include/custom_interfaces/custom_interfaces/srv/detail/get_direction__struct.h
[0.464s] -- Up-to-date: /home/user/ros2_ws/src/citylab_project/install/custom_interfaces/include/custom_interfaces/custom_interfaces/srv/detail/get_direction__type_support.h
[0.464s] -- Up-to-date: /home/user/ros2_ws/src/citylab_project/install/custom_interfaces/include/custom_interfaces/custom_interfaces/srv/get_direction.h
[0.464s] -- Up-to-date: /home/user/ros2_ws/src/citylab_project/install/custom_interfaces/include/custom_interfaces/custom_interfaces/msg
[0.464s] -- Up-to-date: /home/user/ros2_ws/src/citylab_project/install/custom_interfaces/include/custom_interfaces/custom_interfaces/msg/rosidl_generator_c__visibility_control.h
[0.464s] -- Up-to-date: /home/user/ros2_ws/src/citylab_project/install/custom_interfaces/share/custom_interfaces/environment/library_path.sh
[0.464s] -- Up-to-date: /home/user/ros2_ws/src/citylab_project/install/custom_interfaces/share/custom_interfaces/environment/library_path.dsv
[0.464s] -- Up-to-date: /home/user/ros2_ws/src/citylab_project/install/custom_interfaces/lib/libcustom_interfaces__rosidl_generator_c.so
[0.465s] -- Up-to-date: /home/user/ros2_ws/src/citylab_project/install/custom_interfaces/include/custom_interfaces/custom_interfaces
[0.465s] -- Up-to-date: /home/user/ros2_ws/src/citylab_project/install/custom_interfaces/include/custom_interfaces/custom_interfaces/srv
[0.465s] -- Up-to-date: /home/user/ros2_ws/src/citylab_project/install/custom_interfaces/include/custom_interfaces/custom_interfaces/srv/detail
[0.465s] -- Up-to-date: /home/user/ros2_ws/src/citylab_project/install/custom_interfaces/include/custom_interfaces/custom_interfaces/srv/detail/get_direction__rosidl_typesupport_fastrtps_c.h
[0.465s] -- Up-to-date: /home/user/ros2_ws/src/citylab_project/install/custom_interfaces/include/custom_interfaces/custom_interfaces/msg
[0.465s] -- Up-to-date: /home/user/ros2_ws/src/citylab_project/install/custom_interfaces/include/custom_interfaces/custom_interfaces/msg/rosidl_typesupport_fastrtps_c__visibility_control.h
[0.465s] -- Up-to-date: /home/user/ros2_ws/src/citylab_project/install/custom_interfaces/lib/libcustom_interfaces__rosidl_typesupport_fastrtps_c.so
[0.465s] -- Up-to-date: /home/user/ros2_ws/src/citylab_project/install/custom_interfaces/include/custom_interfaces/custom_interfaces
[0.466s] -- Up-to-date: /home/user/ros2_ws/src/citylab_project/install/custom_interfaces/include/custom_interfaces/custom_interfaces/srv
[0.466s] -- Up-to-date: /home/user/ros2_ws/src/citylab_project/install/custom_interfaces/include/custom_interfaces/custom_interfaces/srv/detail
[0.466s] -- Up-to-date: /home/user/ros2_ws/src/citylab_project/install/custom_interfaces/include/custom_interfaces/custom_interfaces/srv/detail/get_direction__traits.hpp
[0.466s] -- Up-to-date: /home/user/ros2_ws/src/citylab_project/install/custom_interfaces/include/custom_interfaces/custom_interfaces/srv/detail/get_direction__builder.hpp
[0.466s] -- Up-to-date: /home/user/ros2_ws/src/citylab_project/install/custom_interfaces/include/custom_interfaces/custom_interfaces/srv/detail/get_direction__struct.hpp
[0.466s] -- Up-to-date: /home/user/ros2_ws/src/citylab_project/install/custom_interfaces/include/custom_interfaces/custom_interfaces/srv/detail/get_direction__type_support.hpp
[0.466s] -- Up-to-date: /home/user/ros2_ws/src/citylab_project/install/custom_interfaces/include/custom_interfaces/custom_interfaces/srv/get_direction.hpp
[0.466s] -- Up-to-date: /home/user/ros2_ws/src/citylab_project/install/custom_interfaces/include/custom_interfaces/custom_interfaces/msg
[0.467s] -- Up-to-date: /home/user/ros2_ws/src/citylab_project/install/custom_interfaces/include/custom_interfaces/custom_interfaces/msg/rosidl_generator_cpp__visibility_control.hpp
[0.467s] -- Up-to-date: /home/user/ros2_ws/src/citylab_project/install/custom_interfaces/include/custom_interfaces/custom_interfaces
[0.467s] -- Up-to-date: /home/user/ros2_ws/src/citylab_project/install/custom_interfaces/include/custom_interfaces/custom_interfaces/srv
[0.467s] -- Up-to-date: /home/user/ros2_ws/src/citylab_project/install/custom_interfaces/include/custom_interfaces/custom_interfaces/srv/detail
[0.467s] -- Up-to-date: /home/user/ros2_ws/src/citylab_project/install/custom_interfaces/include/custom_interfaces/custom_interfaces/srv/detail/get_direction__rosidl_typesupport_fastrtps_cpp.hpp
[0.467s] -- Up-to-date: /home/user/ros2_ws/src/citylab_project/install/custom_interfaces/include/custom_interfaces/custom_interfaces/srv/detail/dds_fastrtps
[0.467s] -- Up-to-date: /home/user/ros2_ws/src/citylab_project/install/custom_interfaces/include/custom_interfaces/custom_interfaces/msg
[0.468s] -- Up-to-date: /home/user/ros2_ws/src/citylab_project/install/custom_interfaces/include/custom_interfaces/custom_interfaces/msg/rosidl_typesupport_fastrtps_cpp__visibility_control.h
[0.468s] -- Up-to-date: /home/user/ros2_ws/src/citylab_project/install/custom_interfaces/lib/libcustom_interfaces__rosidl_typesupport_fastrtps_cpp.so
[0.468s] -- Up-to-date: /home/user/ros2_ws/src/citylab_project/install/custom_interfaces/include/custom_interfaces/custom_interfaces
[0.468s] -- Up-to-date: /home/user/ros2_ws/src/citylab_project/install/custom_interfaces/include/custom_interfaces/custom_interfaces/srv
[0.468s] -- Up-to-date: /home/user/ros2_ws/src/citylab_project/install/custom_interfaces/include/custom_interfaces/custom_interfaces/srv/detail
[0.468s] -- Up-to-date: /home/user/ros2_ws/src/citylab_project/install/custom_interfaces/include/custom_interfaces/custom_interfaces/srv/detail/get_direction__type_support.c
[0.468s] -- Up-to-date: /home/user/ros2_ws/src/citylab_project/install/custom_interfaces/include/custom_interfaces/custom_interfaces/srv/detail/get_direction__rosidl_typesupport_introspection_c.h
[0.468s] -- Up-to-date: /home/user/ros2_ws/src/citylab_project/install/custom_interfaces/include/custom_interfaces/custom_interfaces/msg
[0.468s] -- Up-to-date: /home/user/ros2_ws/src/citylab_project/install/custom_interfaces/include/custom_interfaces/custom_interfaces/msg/rosidl_typesupport_introspection_c__visibility_control.h
[0.468s] -- Up-to-date: /home/user/ros2_ws/src/citylab_project/install/custom_interfaces/lib/libcustom_interfaces__rosidl_typesupport_introspection_c.so
[0.469s] -- Up-to-date: /home/user/ros2_ws/src/citylab_project/install/custom_interfaces/lib/libcustom_interfaces__rosidl_typesupport_c.so
[0.469s] -- Up-to-date: /home/user/ros2_ws/src/citylab_project/install/custom_interfaces/include/custom_interfaces/custom_interfaces
[0.469s] -- Up-to-date: /home/user/ros2_ws/src/citylab_project/install/custom_interfaces/include/custom_interfaces/custom_interfaces/srv
[0.469s] -- Up-to-date: /home/user/ros2_ws/src/citylab_project/install/custom_interfaces/include/custom_interfaces/custom_interfaces/srv/detail
[0.469s] -- Up-to-date: /home/user/ros2_ws/src/citylab_project/install/custom_interfaces/include/custom_interfaces/custom_interfaces/srv/detail/get_direction__type_support.cpp
[0.469s] -- Up-to-date: /home/user/ros2_ws/src/citylab_project/install/custom_interfaces/include/custom_interfaces/custom_interfaces/srv/detail/get_direction__rosidl_typesupport_introspection_cpp.hpp
[0.469s] -- Up-to-date: /home/user/ros2_ws/src/citylab_project/install/custom_interfaces/lib/libcustom_interfaces__rosidl_typesupport_introspection_cpp.so
[0.469s] -- Up-to-date: /home/user/ros2_ws/src/citylab_project/install/custom_interfaces/lib/libcustom_interfaces__rosidl_typesupport_cpp.so
[0.469s] -- Up-to-date: /home/user/ros2_ws/src/citylab_project/install/custom_interfaces/share/custom_interfaces/environment/pythonpath.sh
[0.469s] -- Up-to-date: /home/user/ros2_ws/src/citylab_project/install/custom_interfaces/share/custom_interfaces/environment/pythonpath.dsv
[0.469s] -- Up-to-date: /home/user/ros2_ws/src/citylab_project/install/custom_interfaces/local/lib/python3.10/dist-packages/custom_interfaces-0.0.0-py3.10.egg-info
[0.470s] -- Installing: /home/user/ros2_ws/src/citylab_project/install/custom_interfaces/local/lib/python3.10/dist-packages/custom_interfaces-0.0.0-py3.10.egg-info/PKG-INFO
[0.470s] -- Installing: /home/user/ros2_ws/src/citylab_project/install/custom_interfaces/local/lib/python3.10/dist-packages/custom_interfaces-0.0.0-py3.10.egg-info/top_level.txt
[0.470s] -- Installing: /home/user/ros2_ws/src/citylab_project/install/custom_interfaces/local/lib/python3.10/dist-packages/custom_interfaces-0.0.0-py3.10.egg-info/SOURCES.txt
[0.470s] -- Installing: /home/user/ros2_ws/src/citylab_project/install/custom_interfaces/local/lib/python3.10/dist-packages/custom_interfaces-0.0.0-py3.10.egg-info/dependency_links.txt
[0.470s] -- Up-to-date: /home/user/ros2_ws/src/citylab_project/install/custom_interfaces/local/lib/python3.10/dist-packages/custom_interfaces
[0.470s] -- Up-to-date: /home/user/ros2_ws/src/citylab_project/install/custom_interfaces/local/lib/python3.10/dist-packages/custom_interfaces/srv
[0.470s] -- Up-to-date: /home/user/ros2_ws/src/citylab_project/install/custom_interfaces/local/lib/python3.10/dist-packages/custom_interfaces/srv/_get_direction.py
[0.470s] -- Up-to-date: /home/user/ros2_ws/src/citylab_project/install/custom_interfaces/local/lib/python3.10/dist-packages/custom_interfaces/srv/__init__.py
[0.470s] -- Up-to-date: /home/user/ros2_ws/src/citylab_project/install/custom_interfaces/local/lib/python3.10/dist-packages/custom_interfaces/srv/_get_direction_s.c
[0.470s] -- Up-to-date: /home/user/ros2_ws/src/citylab_project/install/custom_interfaces/local/lib/python3.10/dist-packages/custom_interfaces/custom_interfaces_s__rosidl_typesupport_introspection_c.cpython-310-x86_64-linux-gnu.so
[0.470s] -- Up-to-date: /home/user/ros2_ws/src/citylab_project/install/custom_interfaces/local/lib/python3.10/dist-packages/custom_interfaces/_custom_interfaces_s.ep.rosidl_typesupport_introspection_c.c
[0.470s] -- Up-to-date: /home/user/ros2_ws/src/citylab_project/install/custom_interfaces/local/lib/python3.10/dist-packages/custom_interfaces/libcustom_interfaces__rosidl_generator_py.so
[0.471s] -- Up-to-date: /home/user/ros2_ws/src/citylab_project/install/custom_interfaces/local/lib/python3.10/dist-packages/custom_interfaces/_custom_interfaces_s.ep.rosidl_typesupport_c.c
[0.471s] -- Up-to-date: /home/user/ros2_ws/src/citylab_project/install/custom_interfaces/local/lib/python3.10/dist-packages/custom_interfaces/__init__.py
[0.471s] -- Up-to-date: /home/user/ros2_ws/src/citylab_project/install/custom_interfaces/local/lib/python3.10/dist-packages/custom_interfaces/custom_interfaces_s__rosidl_typesupport_c.cpython-310-x86_64-linux-gnu.so
[0.471s] -- Up-to-date: /home/user/ros2_ws/src/citylab_project/install/custom_interfaces/local/lib/python3.10/dist-packages/custom_interfaces/_custom_interfaces_s.ep.rosidl_typesupport_fastrtps_c.c
[0.471s] -- Up-to-date: /home/user/ros2_ws/src/citylab_project/install/custom_interfaces/local/lib/python3.10/dist-packages/custom_interfaces/custom_interfaces_s__rosidl_typesupport_fastrtps_c.cpython-310-x86_64-linux-gnu.so
[0.508s] Listing '/home/user/ros2_ws/src/citylab_project/install/custom_interfaces/local/lib/python3.10/dist-packages/custom_interfaces'...
[0.508s] Listing '/home/user/ros2_ws/src/citylab_project/install/custom_interfaces/local/lib/python3.10/dist-packages/custom_interfaces/srv'...
[0.512s] -- Up-to-date: /home/user/ros2_ws/src/citylab_project/install/custom_interfaces/local/lib/python3.10/dist-packages/custom_interfaces/custom_interfaces_s__rosidl_typesupport_fastrtps_c.cpython-310-x86_64-linux-gnu.so
[0.513s] -- Up-to-date: /home/user/ros2_ws/src/citylab_project/install/custom_interfaces/local/lib/python3.10/dist-packages/custom_interfaces/custom_interfaces_s__rosidl_typesupport_introspection_c.cpython-310-x86_64-linux-gnu.so
[0.513s] -- Up-to-date: /home/user/ros2_ws/src/citylab_project/install/custom_interfaces/local/lib/python3.10/dist-packages/custom_interfaces/custom_interfaces_s__rosidl_typesupport_c.cpython-310-x86_64-linux-gnu.so
[0.513s] -- Up-to-date: /home/user/ros2_ws/src/citylab_project/install/custom_interfaces/lib/libcustom_interfaces__rosidl_generator_py.so
[0.513s] -- Up-to-date: /home/user/ros2_ws/src/citylab_project/install/custom_interfaces/share/custom_interfaces/srv/GetDirection.idl
[0.513s] -- Up-to-date: /home/user/ros2_ws/src/citylab_project/install/custom_interfaces/share/custom_interfaces/srv/GetDirection.srv
[0.514s] -- Up-to-date: /home/user/ros2_ws/src/citylab_project/install/custom_interfaces/share/custom_interfaces/srv/GetDirection_Request.msg
[0.514s] -- Up-to-date: /home/user/ros2_ws/src/citylab_project/install/custom_interfaces/share/custom_interfaces/srv/GetDirection_Response.msg
[0.514s] -- Up-to-date: /home/user/ros2_ws/src/citylab_project/install/custom_interfaces/share/ament_index/resource_index/package_run_dependencies/custom_interfaces
[0.514s] -- Up-to-date: /home/user/ros2_ws/src/citylab_project/install/custom_interfaces/share/ament_index/resource_index/parent_prefix_path/custom_interfaces
[0.514s] -- Up-to-date: /home/user/ros2_ws/src/citylab_project/install/custom_interfaces/share/custom_interfaces/environment/ament_prefix_path.sh
[0.514s] -- Up-to-date: /home/user/ros2_ws/src/citylab_project/install/custom_interfaces/share/custom_interfaces/environment/ament_prefix_path.dsv
[0.514s] -- Up-to-date: /home/user/ros2_ws/src/citylab_project/install/custom_interfaces/share/custom_interfaces/environment/path.sh
[0.514s] -- Up-to-date: /home/user/ros2_ws/src/citylab_project/install/custom_interfaces/share/custom_interfaces/environment/path.dsv
[0.514s] -- Up-to-date: /home/user/ros2_ws/src/citylab_project/install/custom_interfaces/share/custom_interfaces/local_setup.bash
[0.515s] -- Up-to-date: /home/user/ros2_ws/src/citylab_project/install/custom_interfaces/share/custom_interfaces/local_setup.sh
[0.515s] -- Up-to-date: /home/user/ros2_ws/src/citylab_project/install/custom_interfaces/share/custom_interfaces/local_setup.zsh
[0.515s] -- Up-to-date: /home/user/ros2_ws/src/citylab_project/install/custom_interfaces/share/custom_interfaces/local_setup.dsv
[0.515s] -- Installing: /home/user/ros2_ws/src/citylab_project/install/custom_interfaces/share/custom_interfaces/package.dsv
[0.515s] -- Up-to-date: /home/user/ros2_ws/src/citylab_project/install/custom_interfaces/share/ament_index/resource_index/packages/custom_interfaces
[0.515s] -- Up-to-date: /home/user/ros2_ws/src/citylab_project/install/custom_interfaces/share/custom_interfaces/cmake/export_custom_interfaces__rosidl_generator_cExport.cmake
[0.515s] -- Up-to-date: /home/user/ros2_ws/src/citylab_project/install/custom_interfaces/share/custom_interfaces/cmake/export_custom_interfaces__rosidl_generator_cExport-noconfig.cmake
[0.515s] -- Up-to-date: /home/user/ros2_ws/src/citylab_project/install/custom_interfaces/share/custom_interfaces/cmake/export_custom_interfaces__rosidl_typesupport_fastrtps_cExport.cmake
[0.516s] -- Up-to-date: /home/user/ros2_ws/src/citylab_project/install/custom_interfaces/share/custom_interfaces/cmake/export_custom_interfaces__rosidl_typesupport_fastrtps_cExport-noconfig.cmake
[0.516s] -- Up-to-date: /home/user/ros2_ws/src/citylab_project/install/custom_interfaces/share/custom_interfaces/cmake/export_custom_interfaces__rosidl_generator_cppExport.cmake
[0.516s] -- Up-to-date: /home/user/ros2_ws/src/citylab_project/install/custom_interfaces/share/custom_interfaces/cmake/export_custom_interfaces__rosidl_typesupport_fastrtps_cppExport.cmake
[0.516s] -- Up-to-date: /home/user/ros2_ws/src/citylab_project/install/custom_interfaces/share/custom_interfaces/cmake/export_custom_interfaces__rosidl_typesupport_fastrtps_cppExport-noconfig.cmake
[0.516s] -- Up-to-date: /home/user/ros2_ws/src/citylab_project/install/custom_interfaces/share/custom_interfaces/cmake/custom_interfaces__rosidl_typesupport_introspection_cExport.cmake
[0.516s] -- Up-to-date: /home/user/ros2_ws/src/citylab_project/install/custom_interfaces/share/custom_interfaces/cmake/custom_interfaces__rosidl_typesupport_introspection_cExport-noconfig.cmake
[0.517s] -- Up-to-date: /home/user/ros2_ws/src/citylab_project/install/custom_interfaces/share/custom_interfaces/cmake/custom_interfaces__rosidl_typesupport_cExport.cmake
[0.517s] -- Up-to-date: /home/user/ros2_ws/src/citylab_project/install/custom_interfaces/share/custom_interfaces/cmake/custom_interfaces__rosidl_typesupport_cExport-noconfig.cmake
[0.517s] -- Up-to-date: /home/user/ros2_ws/src/citylab_project/install/custom_interfaces/share/custom_interfaces/cmake/custom_interfaces__rosidl_typesupport_introspection_cppExport.cmake
[0.517s] -- Up-to-date: /home/user/ros2_ws/src/citylab_project/install/custom_interfaces/share/custom_interfaces/cmake/custom_interfaces__rosidl_typesupport_introspection_cppExport-noconfig.cmake
[0.517s] -- Up-to-date: /home/user/ros2_ws/src/citylab_project/install/custom_interfaces/share/custom_interfaces/cmake/custom_interfaces__rosidl_typesupport_cppExport.cmake
[0.517s] -- Up-to-date: /home/user/ros2_ws/src/citylab_project/install/custom_interfaces/share/custom_interfaces/cmake/custom_interfaces__rosidl_typesupport_cppExport-noconfig.cmake
[0.517s] -- Up-to-date: /home/user/ros2_ws/src/citylab_project/install/custom_interfaces/share/custom_interfaces/cmake/export_custom_interfaces__rosidl_generator_pyExport.cmake
[0.517s] -- Up-to-date: /home/user/ros2_ws/src/citylab_project/install/custom_interfaces/share/custom_interfaces/cmake/export_custom_interfaces__rosidl_generator_pyExport-noconfig.cmake
[0.517s] -- Up-to-date: /home/user/ros2_ws/src/citylab_project/install/custom_interfaces/share/custom_interfaces/cmake/rosidl_cmake-extras.cmake
[0.517s] -- Up-to-date: /home/user/ros2_ws/src/citylab_project/install/custom_interfaces/share/custom_interfaces/cmake/ament_cmake_export_dependencies-extras.cmake
[0.518s] -- Up-to-date: /home/user/ros2_ws/src/citylab_project/install/custom_interfaces/share/custom_interfaces/cmake/ament_cmake_export_include_directories-extras.cmake
[0.518s] -- Up-to-date: /home/user/ros2_ws/src/citylab_project/install/custom_interfaces/share/custom_interfaces/cmake/ament_cmake_export_libraries-extras.cmake
[0.519s] -- Up-to-date: /home/user/ros2_ws/src/citylab_project/install/custom_interfaces/share/custom_interfaces/cmake/ament_cmake_export_targets-extras.cmake
[0.519s] -- Up-to-date: /home/user/ros2_ws/src/citylab_project/install/custom_interfaces/share/custom_interfaces/cmake/rosidl_cmake_export_typesupport_targets-extras.cmake
[0.519s] -- Up-to-date: /home/user/ros2_ws/src/citylab_project/install/custom_interfaces/share/custom_interfaces/cmake/rosidl_cmake_export_typesupport_libraries-extras.cmake
[0.519s] -- Up-to-date: /home/user/ros2_ws/src/citylab_project/install/custom_interfaces/share/custom_interfaces/cmake/custom_interfacesConfig.cmake
[0.520s] -- Up-to-date: /home/user/ros2_ws/src/citylab_project/install/custom_interfaces/share/custom_interfaces/cmake/custom_interfacesConfig-version.cmake
[0.520s] -- Up-to-date: /home/user/ros2_ws/src/citylab_project/install/custom_interfaces/share/custom_interfaces/package.xml
[0.520s] Invoked command in '/home/user/ros2_ws/src/citylab_project/build/custom_interfaces' returned '0': CMAKE_PREFIX_PATH=${CMAKE_PREFIX_PATH}:/opt/ros/humble:/home/simulations/ros2_sims_ws/install/robot_description _=/usr/bin/env /usr/bin/cmake --install /home/user/ros2_ws/src/citylab_project/build/custom_interfaces
