-- Found ament_cmake: 1.3.12 (/opt/ros/humble/share/ament_cmake/cmake)
-- Found rclcpp: 16.0.16 (/opt/ros/humble/share/rclcpp/cmake)
-- Found rosidl_generator_c: 3.1.7 (/opt/ros/humble/share/rosidl_generator_c/cmake)
-- Found rosidl_adapter: 3.1.7 (/opt/ros/humble/share/rosidl_adapter/cmake)
-- Found rosidl_generator_cpp: 3.1.7 (/opt/ros/humble/share/rosidl_generator_cpp/cmake)
-- Using all available rosidl_typesupport_c: rosidl_typesupport_fastrtps_c;rosidl_typesupport_introspection_c
-- Using all available rosidl_typesupport_cpp: rosidl_typesupport_fastrtps_cpp;rosidl_typesupport_introspection_cpp
-- Found rmw_implementation_cmake: 6.1.2 (/opt/ros/humble/share/rmw_implementation_cmake/cmake)
-- Found rmw_cyclonedds_cpp: 1.3.4 (/opt/ros/humble/share/rmw_cyclonedds_cpp/cmake)
-- Using RMW implementation 'rmw_cyclonedds_cpp' as default
-- Found rclcpp_action: 16.0.16 (/opt/ros/humble/share/rclcpp_action/cmake)
-- Found geometry_msgs: 4.9.0 (/opt/ros/humble/share/geometry_msgs/cmake)
-- Found nav2_msgs: 1.1.20 (/opt/ros/humble/share/nav2_msgs/cmake)
-- Found tf2: 0.25.17 (/opt/ros/humble/share/tf2/cmake)
-- Found tf2_geometry_msgs: 0.25.17 (/opt/ros/humble/share/tf2_geometry_msgs/cmake)
-- Found eigen3_cmake_module: 0.1.1 (/opt/ros/humble/share/eigen3_cmake_module/cmake)
-- Found Eigen3: TRUE (found version "3.4.0") 
-- Ensuring Eigen3 include directory is part of orocos-kdl CMake target
-- Found sensor_msgs: 4.9.0 (/opt/ros/humble/share/sensor_msgs/cmake)
-- Found custom_interfaces: 0.0.0 (/home/user/ros2_ws/src/citylab_project/install/custom_interfaces/share/custom_interfaces/cmake)
-- Found rosidl_default_generators: 1.2.0 (/opt/ros/humble/share/rosidl_default_generators/cmake)
-- Found ament_lint_auto: 0.12.14 (/opt/ros/humble/share/ament_lint_auto/cmake)
-- Found ament_cmake_ros: 0.10.0 (/opt/ros/humble/share/ament_cmake_ros/cmake)
-- Using all available rosidl_typesupport_c: rosidl_typesupport_fastrtps_c;rosidl_typesupport_introspection_c
-- Using all available rosidl_typesupport_cpp: rosidl_typesupport_fastrtps_cpp;rosidl_typesupport_introspection_cpp
-- Found PythonInterp: /usr/bin/python3 (found suitable version "3.10.12", minimum required is "3.6") 
-- Found python_cmake_module: 0.10.0 (/opt/ros/humble/share/python_cmake_module/cmake)
-- Found PythonLibs: /usr/lib/x86_64-linux-gnu/libpython3.10.so (found suitable version "3.10.12", minimum required is "3.5") 
-- Using PYTHON_EXECUTABLE: /usr/bin/python3
-- Using PYTHON_INCLUDE_DIRS: /usr/include/python3.10
-- Using PYTHON_LIBRARIES: /usr/lib/x86_64-linux-gnu/libpython3.10.so
-- Found PythonExtra: .so  
-- Using numpy include directory: /usr/local/lib/python3.10/dist-packages/numpy/_core/include
-- Added test 'cppcheck' to perform static code analysis on C / C++ code
-- Configured cppcheck include dirs: 
-- Configured cppcheck exclude dirs and/or files: 
-- Added test 'flake8' to check Python code syntax and style conventions
-- Added test 'lint_cmake' to check CMake code style
-- Added test 'pep257' to check Python code against some of the docstring style conventions in PEP 257
-- Added test 'uncrustify' to check C / C++ code style
-- Configured uncrustify additional arguments: 
-- Added test 'xmllint' to check XML markup files
-- Configuring done
-- Generating done
-- Build files have been written to: /home/user/ros2_ws/src/citylab_project/build/robot_patrol
[  2%] [34m[1mGenerating C code for ROS interfaces[0m
[35m[1mConsolidate compiler generated dependencies of target robot_patrol_executable2[0m
[35m[1mConsolidate compiler generated dependencies of target direction_service[0m
[35m[1mConsolidate compiler generated dependencies of target test_service[0m
[35m[1mConsolidate compiler generated dependencies of target robot_patrol_executable[0m
[  4%] [32mBuilding CXX object CMakeFiles/robot_patrol_executable2.dir/src/patrol_with_service.cpp.o[0m
[  7%] [34m[1mGenerating C++ code for ROS interfaces[0m
[  9%] [32mBuilding CXX object CMakeFiles/robot_patrol_executable.dir/src/patrol.cpp.o[0m
[  9%] Built target ament_cmake_python_copy_robot_patrol
[ 12%] [32mBuilding CXX object CMakeFiles/direction_service.dir/src/direction_service.cpp.o[0m
[ 14%] [32mBuilding CXX object CMakeFiles/test_service.dir/src/test_service.cpp.o[0m
running egg_info
creating robot_patrol.egg-info
writing robot_patrol.egg-info/PKG-INFO
writing dependency_links to robot_patrol.egg-info/dependency_links.txt
writing top-level names to robot_patrol.egg-info/top_level.txt
writing manifest file 'robot_patrol.egg-info/SOURCES.txt'
reading manifest file 'robot_patrol.egg-info/SOURCES.txt'
writing manifest file 'robot_patrol.egg-info/SOURCES.txt'
[ 14%] Built target ament_cmake_python_build_robot_patrol_egg
[ 14%] Built target robot_patrol__cpp
[ 17%] [34m[1mGenerating C++ type support dispatch for ROS interfaces[0m
[ 19%] [34m[1mGenerating C++ type support for eProsima Fast-RTPS[0m
[ 21%] [34m[1mGenerating C++ introspection for ROS interfaces[0m
[ 24%] [32mBuilding C object CMakeFiles/robot_patrol__rosidl_generator_c.dir/rosidl_generator_c/robot_patrol/action/detail/go_to_pose__functions.c.o[0m
[ 26%] [32mBuilding CXX object CMakeFiles/robot_patrol__rosidl_typesupport_cpp.dir/rosidl_typesupport_cpp/robot_patrol/action/go_to_pose__type_support.cpp.o[0m
[ 29%] [32mBuilding CXX object CMakeFiles/robot_patrol__rosidl_typesupport_introspection_cpp.dir/rosidl_typesupport_introspection_cpp/robot_patrol/action/detail/go_to_pose__type_support.cpp.o[0m
[ 31%] [32mBuilding CXX object CMakeFiles/robot_patrol__rosidl_typesupport_fastrtps_cpp.dir/rosidl_typesupport_fastrtps_cpp/robot_patrol/action/detail/dds_fastrtps/go_to_pose__type_support.cpp.o[0m
[ 34%] [32m[1mLinking CXX shared library librobot_patrol__rosidl_typesupport_cpp.so[0m
[ 34%] Built target robot_patrol__rosidl_typesupport_cpp
[ 36%] [32m[1mLinking CXX shared library librobot_patrol__rosidl_typesupport_introspection_cpp.so[0m
[ 36%] Built target robot_patrol__rosidl_typesupport_introspection_cpp
[ 39%] [32m[1mLinking CXX shared library librobot_patrol__rosidl_typesupport_fastrtps_cpp.so[0m
[ 39%] Built target robot_patrol__rosidl_typesupport_fastrtps_cpp
[ 41%] [32m[1mLinking CXX executable direction_service[0m
[ 41%] Built target direction_service
[ 43%] [32m[1mLinking C shared library librobot_patrol__rosidl_generator_c.so[0m
[ 43%] Built target robot_patrol__rosidl_generator_c
[ 51%] [34m[1mGenerating C introspection for ROS interfaces[0m
[ 51%] [34m[1mGenerating C type support dispatch for ROS interfaces[0m
[ 51%] [34m[1mGenerating C type support for eProsima Fast-RTPS[0m
[ 53%] [32mBuilding CXX object CMakeFiles/robot_patrol__rosidl_typesupport_fastrtps_c.dir/rosidl_typesupport_fastrtps_c/robot_patrol/action/detail/go_to_pose__type_support_c.cpp.o[0m
[ 56%] [32mBuilding CXX object CMakeFiles/robot_patrol__rosidl_typesupport_c.dir/rosidl_typesupport_c/robot_patrol/action/go_to_pose__type_support.cpp.o[0m
[ 58%] [32m[1mLinking CXX shared library librobot_patrol__rosidl_typesupport_c.so[0m
[ 58%] Built target robot_patrol__rosidl_typesupport_c
[ 60%] [32mBuilding C object CMakeFiles/robot_patrol__rosidl_typesupport_introspection_c.dir/rosidl_typesupport_introspection_c/robot_patrol/action/detail/go_to_pose__type_support.c.o[0m
[ 63%] [32m[1mLinking C shared library librobot_patrol__rosidl_typesupport_introspection_c.so[0m
[ 63%] Built target robot_patrol__rosidl_typesupport_introspection_c
[ 65%] [32m[1mLinking CXX shared library librobot_patrol__rosidl_typesupport_fastrtps_c.so[0m
[ 65%] Built target robot_patrol__rosidl_typesupport_fastrtps_c
[ 65%] Built target robot_patrol
[ 68%] [34m[1mGenerating Python code for ROS interfaces[0m
[ 70%] [32mBuilding CXX object CMakeFiles/action_service.dir/src/go_to_pose_action.cpp.o[0m
[ 70%] Built target robot_patrol__py
[ 73%] [32mBuilding C object CMakeFiles/robot_patrol__rosidl_generator_py.dir/rosidl_generator_py/robot_patrol/action/_go_to_pose_s.c.o[0m
[ 75%] [32m[1mLinking CXX executable robot_patrol_executable[0m
[ 78%] [32m[1mLinking CXX executable test_service[0m
[ 78%] Built target robot_patrol_executable
[ 78%] Built target test_service
[ 80%] [32m[1mLinking CXX executable robot_patrol_executable2[0m
[ 80%] Built target robot_patrol_executable2
[ 82%] [32m[1mLinking C shared library rosidl_generator_py/robot_patrol/librobot_patrol__rosidl_generator_py.so[0m
[ 82%] Built target robot_patrol__rosidl_generator_py
[ 85%] [32mBuilding C object CMakeFiles/robot_patrol__rosidl_typesupport_c__pyext.dir/rosidl_generator_py/robot_patrol/_robot_patrol_s.ep.rosidl_typesupport_c.c.o[0m
[ 87%] [32mBuilding C object CMakeFiles/robot_patrol__rosidl_typesupport_introspection_c__pyext.dir/rosidl_generator_py/robot_patrol/_robot_patrol_s.ep.rosidl_typesupport_introspection_c.c.o[0m
[ 90%] [32mBuilding C object CMakeFiles/robot_patrol__rosidl_typesupport_fastrtps_c__pyext.dir/rosidl_generator_py/robot_patrol/_robot_patrol_s.ep.rosidl_typesupport_fastrtps_c.c.o[0m
[ 92%] [32m[1mLinking C shared library rosidl_generator_py/robot_patrol/robot_patrol_s__rosidl_typesupport_c.cpython-310-x86_64-linux-gnu.so[0m
[ 95%] [32m[1mLinking C shared library rosidl_generator_py/robot_patrol/robot_patrol_s__rosidl_typesupport_introspection_c.cpython-310-x86_64-linux-gnu.so[0m
[ 97%] [32m[1mLinking C shared library rosidl_generator_py/robot_patrol/robot_patrol_s__rosidl_typesupport_fastrtps_c.cpython-310-x86_64-linux-gnu.so[0m
[ 97%] Built target robot_patrol__rosidl_typesupport_c__pyext
[ 97%] Built target robot_patrol__rosidl_typesupport_introspection_c__pyext
[ 97%] Built target robot_patrol__rosidl_typesupport_fastrtps_c__pyext
[100%] [32m[1mLinking CXX executable action_service[0m
[100%] Built target action_service
-- Install configuration: ""
-- Installing: /home/user/ros2_ws/src/citylab_project/install/robot_patrol/lib/robot_patrol/robot_patrol_executable
-- Set runtime path of "/home/user/ros2_ws/src/citylab_project/install/robot_patrol/lib/robot_patrol/robot_patrol_executable" to ""
-- Installing: /home/user/ros2_ws/src/citylab_project/install/robot_patrol/lib/robot_patrol/robot_patrol_executable2
-- Set runtime path of "/home/user/ros2_ws/src/citylab_project/install/robot_patrol/lib/robot_patrol/robot_patrol_executable2" to ""
-- Installing: /home/user/ros2_ws/src/citylab_project/install/robot_patrol/lib/robot_patrol/direction_service
-- Set runtime path of "/home/user/ros2_ws/src/citylab_project/install/robot_patrol/lib/robot_patrol/direction_service" to ""
-- Installing: /home/user/ros2_ws/src/citylab_project/install/robot_patrol/lib/robot_patrol/test_service
-- Set runtime path of "/home/user/ros2_ws/src/citylab_project/install/robot_patrol/lib/robot_patrol/test_service" to ""
-- Installing: /home/user/ros2_ws/src/citylab_project/install/robot_patrol/lib/robot_patrol/action_service
-- Set runtime path of "/home/user/ros2_ws/src/citylab_project/install/robot_patrol/lib/robot_patrol/action_service" to ""
-- Installing: /home/user/ros2_ws/src/citylab_project/install/robot_patrol/share/ament_index/resource_index/rosidl_interfaces/robot_patrol
-- Installing: /home/user/ros2_ws/src/citylab_project/install/robot_patrol/include/robot_patrol/robot_patrol
-- Installing: /home/user/ros2_ws/src/citylab_project/install/robot_patrol/include/robot_patrol/robot_patrol/msg
-- Installing: /home/user/ros2_ws/src/citylab_project/install/robot_patrol/include/robot_patrol/robot_patrol/msg/rosidl_generator_c__visibility_control.h
-- Installing: /home/user/ros2_ws/src/citylab_project/install/robot_patrol/include/robot_patrol/robot_patrol/action
-- Installing: /home/user/ros2_ws/src/citylab_project/install/robot_patrol/include/robot_patrol/robot_patrol/action/detail
-- Installing: /home/user/ros2_ws/src/citylab_project/install/robot_patrol/include/robot_patrol/robot_patrol/action/detail/go_to_pose__type_support.h
-- Installing: /home/user/ros2_ws/src/citylab_project/install/robot_patrol/include/robot_patrol/robot_patrol/action/detail/go_to_pose__struct.h
-- Installing: /home/user/ros2_ws/src/citylab_project/install/robot_patrol/include/robot_patrol/robot_patrol/action/detail/go_to_pose__functions.c
-- Installing: /home/user/ros2_ws/src/citylab_project/install/robot_patrol/include/robot_patrol/robot_patrol/action/detail/go_to_pose__functions.h
-- Installing: /home/user/ros2_ws/src/citylab_project/install/robot_patrol/include/robot_patrol/robot_patrol/action/go_to_pose.h
-- Installing: /home/user/ros2_ws/src/citylab_project/install/robot_patrol/share/robot_patrol/environment/library_path.sh
-- Installing: /home/user/ros2_ws/src/citylab_project/install/robot_patrol/share/robot_patrol/environment/library_path.dsv
-- Installing: /home/user/ros2_ws/src/citylab_project/install/robot_patrol/lib/librobot_patrol__rosidl_generator_c.so
-- Set runtime path of "/home/user/ros2_ws/src/citylab_project/install/robot_patrol/lib/librobot_patrol__rosidl_generator_c.so" to ""
-- Up-to-date: /home/user/ros2_ws/src/citylab_project/install/robot_patrol/include/robot_patrol/robot_patrol
-- Up-to-date: /home/user/ros2_ws/src/citylab_project/install/robot_patrol/include/robot_patrol/robot_patrol/msg
-- Installing: /home/user/ros2_ws/src/citylab_project/install/robot_patrol/include/robot_patrol/robot_patrol/msg/rosidl_typesupport_fastrtps_c__visibility_control.h
-- Up-to-date: /home/user/ros2_ws/src/citylab_project/install/robot_patrol/include/robot_patrol/robot_patrol/action
-- Up-to-date: /home/user/ros2_ws/src/citylab_project/install/robot_patrol/include/robot_patrol/robot_patrol/action/detail
-- Installing: /home/user/ros2_ws/src/citylab_project/install/robot_patrol/include/robot_patrol/robot_patrol/action/detail/go_to_pose__rosidl_typesupport_fastrtps_c.h
-- Installing: /home/user/ros2_ws/src/citylab_project/install/robot_patrol/lib/librobot_patrol__rosidl_typesupport_fastrtps_c.so
-- Set runtime path of "/home/user/ros2_ws/src/citylab_project/install/robot_patrol/lib/librobot_patrol__rosidl_typesupport_fastrtps_c.so" to ""
-- Up-to-date: /home/user/ros2_ws/src/citylab_project/install/robot_patrol/include/robot_patrol/robot_patrol
-- Up-to-date: /home/user/ros2_ws/src/citylab_project/install/robot_patrol/include/robot_patrol/robot_patrol/msg
-- Installing: /home/user/ros2_ws/src/citylab_project/install/robot_patrol/include/robot_patrol/robot_patrol/msg/rosidl_generator_cpp__visibility_control.hpp
-- Up-to-date: /home/user/ros2_ws/src/citylab_project/install/robot_patrol/include/robot_patrol/robot_patrol/action
-- Up-to-date: /home/user/ros2_ws/src/citylab_project/install/robot_patrol/include/robot_patrol/robot_patrol/action/detail
-- Installing: /home/user/ros2_ws/src/citylab_project/install/robot_patrol/include/robot_patrol/robot_patrol/action/detail/go_to_pose__traits.hpp
-- Installing: /home/user/ros2_ws/src/citylab_project/install/robot_patrol/include/robot_patrol/robot_patrol/action/detail/go_to_pose__builder.hpp
-- Installing: /home/user/ros2_ws/src/citylab_project/install/robot_patrol/include/robot_patrol/robot_patrol/action/detail/go_to_pose__type_support.hpp
-- Installing: /home/user/ros2_ws/src/citylab_project/install/robot_patrol/include/robot_patrol/robot_patrol/action/detail/go_to_pose__struct.hpp
-- Installing: /home/user/ros2_ws/src/citylab_project/install/robot_patrol/include/robot_patrol/robot_patrol/action/go_to_pose.hpp
-- Up-to-date: /home/user/ros2_ws/src/citylab_project/install/robot_patrol/include/robot_patrol/robot_patrol
-- Up-to-date: /home/user/ros2_ws/src/citylab_project/install/robot_patrol/include/robot_patrol/robot_patrol/msg
-- Installing: /home/user/ros2_ws/src/citylab_project/install/robot_patrol/include/robot_patrol/robot_patrol/msg/rosidl_typesupport_fastrtps_cpp__visibility_control.h
-- Up-to-date: /home/user/ros2_ws/src/citylab_project/install/robot_patrol/include/robot_patrol/robot_patrol/action
-- Up-to-date: /home/user/ros2_ws/src/citylab_project/install/robot_patrol/include/robot_patrol/robot_patrol/action/detail
-- Installing: /home/user/ros2_ws/src/citylab_project/install/robot_patrol/include/robot_patrol/robot_patrol/action/detail/go_to_pose__rosidl_typesupport_fastrtps_cpp.hpp
-- Installing: /home/user/ros2_ws/src/citylab_project/install/robot_patrol/include/robot_patrol/robot_patrol/action/detail/dds_fastrtps
-- Installing: /home/user/ros2_ws/src/citylab_project/install/robot_patrol/lib/librobot_patrol__rosidl_typesupport_fastrtps_cpp.so
-- Set runtime path of "/home/user/ros2_ws/src/citylab_project/install/robot_patrol/lib/librobot_patrol__rosidl_typesupport_fastrtps_cpp.so" to ""
-- Up-to-date: /home/user/ros2_ws/src/citylab_project/install/robot_patrol/include/robot_patrol/robot_patrol
-- Up-to-date: /home/user/ros2_ws/src/citylab_project/install/robot_patrol/include/robot_patrol/robot_patrol/msg
-- Installing: /home/user/ros2_ws/src/citylab_project/install/robot_patrol/include/robot_patrol/robot_patrol/msg/rosidl_typesupport_introspection_c__visibility_control.h
-- Up-to-date: /home/user/ros2_ws/src/citylab_project/install/robot_patrol/include/robot_patrol/robot_patrol/action
-- Up-to-date: /home/user/ros2_ws/src/citylab_project/install/robot_patrol/include/robot_patrol/robot_patrol/action/detail
-- Installing: /home/user/ros2_ws/src/citylab_project/install/robot_patrol/include/robot_patrol/robot_patrol/action/detail/go_to_pose__type_support.c
-- Installing: /home/user/ros2_ws/src/citylab_project/install/robot_patrol/include/robot_patrol/robot_patrol/action/detail/go_to_pose__rosidl_typesupport_introspection_c.h
-- Installing: /home/user/ros2_ws/src/citylab_project/install/robot_patrol/lib/librobot_patrol__rosidl_typesupport_introspection_c.so
-- Set runtime path of "/home/user/ros2_ws/src/citylab_project/install/robot_patrol/lib/librobot_patrol__rosidl_typesupport_introspection_c.so" to ""
-- Installing: /home/user/ros2_ws/src/citylab_project/install/robot_patrol/lib/librobot_patrol__rosidl_typesupport_c.so
-- Set runtime path of "/home/user/ros2_ws/src/citylab_project/install/robot_patrol/lib/librobot_patrol__rosidl_typesupport_c.so" to ""
-- Up-to-date: /home/user/ros2_ws/src/citylab_project/install/robot_patrol/include/robot_patrol/robot_patrol
-- Up-to-date: /home/user/ros2_ws/src/citylab_project/install/robot_patrol/include/robot_patrol/robot_patrol/action
-- Up-to-date: /home/user/ros2_ws/src/citylab_project/install/robot_patrol/include/robot_patrol/robot_patrol/action/detail
-- Installing: /home/user/ros2_ws/src/citylab_project/install/robot_patrol/include/robot_patrol/robot_patrol/action/detail/go_to_pose__rosidl_typesupport_introspection_cpp.hpp
-- Installing: /home/user/ros2_ws/src/citylab_project/install/robot_patrol/include/robot_patrol/robot_patrol/action/detail/go_to_pose__type_support.cpp
-- Installing: /home/user/ros2_ws/src/citylab_project/install/robot_patrol/lib/librobot_patrol__rosidl_typesupport_introspection_cpp.so
-- Set runtime path of "/home/user/ros2_ws/src/citylab_project/install/robot_patrol/lib/librobot_patrol__rosidl_typesupport_introspection_cpp.so" to ""
-- Installing: /home/user/ros2_ws/src/citylab_project/install/robot_patrol/lib/librobot_patrol__rosidl_typesupport_cpp.so
-- Set runtime path of "/home/user/ros2_ws/src/citylab_project/install/robot_patrol/lib/librobot_patrol__rosidl_typesupport_cpp.so" to ""
-- Installing: /home/user/ros2_ws/src/citylab_project/install/robot_patrol/share/robot_patrol/environment/pythonpath.sh
-- Installing: /home/user/ros2_ws/src/citylab_project/install/robot_patrol/share/robot_patrol/environment/pythonpath.dsv
-- Installing: /home/user/ros2_ws/src/citylab_project/install/robot_patrol/local/lib/python3.10/dist-packages/robot_patrol-0.0.0-py3.10.egg-info
-- Installing: /home/user/ros2_ws/src/citylab_project/install/robot_patrol/local/lib/python3.10/dist-packages/robot_patrol-0.0.0-py3.10.egg-info/PKG-INFO
-- Installing: /home/user/ros2_ws/src/citylab_project/install/robot_patrol/local/lib/python3.10/dist-packages/robot_patrol-0.0.0-py3.10.egg-info/top_level.txt
-- Installing: /home/user/ros2_ws/src/citylab_project/install/robot_patrol/local/lib/python3.10/dist-packages/robot_patrol-0.0.0-py3.10.egg-info/SOURCES.txt
-- Installing: /home/user/ros2_ws/src/citylab_project/install/robot_patrol/local/lib/python3.10/dist-packages/robot_patrol-0.0.0-py3.10.egg-info/dependency_links.txt
-- Installing: /home/user/ros2_ws/src/citylab_project/install/robot_patrol/local/lib/python3.10/dist-packages/robot_patrol
-- Installing: /home/user/ros2_ws/src/citylab_project/install/robot_patrol/local/lib/python3.10/dist-packages/robot_patrol/_robot_patrol_s.ep.rosidl_typesupport_c.c
-- Installing: /home/user/ros2_ws/src/citylab_project/install/robot_patrol/local/lib/python3.10/dist-packages/robot_patrol/_robot_patrol_s.ep.rosidl_typesupport_introspection_c.c
-- Installing: /home/user/ros2_ws/src/citylab_project/install/robot_patrol/local/lib/python3.10/dist-packages/robot_patrol/librobot_patrol__rosidl_generator_py.so
-- Installing: /home/user/ros2_ws/src/citylab_project/install/robot_patrol/local/lib/python3.10/dist-packages/robot_patrol/__init__.py
-- Installing: /home/user/ros2_ws/src/citylab_project/install/robot_patrol/local/lib/python3.10/dist-packages/robot_patrol/robot_patrol_s__rosidl_typesupport_c.cpython-310-x86_64-linux-gnu.so
-- Installing: /home/user/ros2_ws/src/citylab_project/install/robot_patrol/local/lib/python3.10/dist-packages/robot_patrol/robot_patrol_s__rosidl_typesupport_introspection_c.cpython-310-x86_64-linux-gnu.so
-- Installing: /home/user/ros2_ws/src/citylab_project/install/robot_patrol/local/lib/python3.10/dist-packages/robot_patrol/_robot_patrol_s.ep.rosidl_typesupport_fastrtps_c.c
-- Installing: /home/user/ros2_ws/src/citylab_project/install/robot_patrol/local/lib/python3.10/dist-packages/robot_patrol/action
-- Installing: /home/user/ros2_ws/src/citylab_project/install/robot_patrol/local/lib/python3.10/dist-packages/robot_patrol/action/_go_to_pose_s.c
-- Installing: /home/user/ros2_ws/src/citylab_project/install/robot_patrol/local/lib/python3.10/dist-packages/robot_patrol/action/__init__.py
-- Installing: /home/user/ros2_ws/src/citylab_project/install/robot_patrol/local/lib/python3.10/dist-packages/robot_patrol/action/_go_to_pose.py
-- Installing: /home/user/ros2_ws/src/citylab_project/install/robot_patrol/local/lib/python3.10/dist-packages/robot_patrol/robot_patrol_s__rosidl_typesupport_fastrtps_c.cpython-310-x86_64-linux-gnu.so
Listing '/home/user/ros2_ws/src/citylab_project/install/robot_patrol/local/lib/python3.10/dist-packages/robot_patrol'...
Compiling '/home/user/ros2_ws/src/citylab_project/install/robot_patrol/local/lib/python3.10/dist-packages/robot_patrol/__init__.py'...
Listing '/home/user/ros2_ws/src/citylab_project/install/robot_patrol/local/lib/python3.10/dist-packages/robot_patrol/action'...
Compiling '/home/user/ros2_ws/src/citylab_project/install/robot_patrol/local/lib/python3.10/dist-packages/robot_patrol/action/__init__.py'...
Compiling '/home/user/ros2_ws/src/citylab_project/install/robot_patrol/local/lib/python3.10/dist-packages/robot_patrol/action/_go_to_pose.py'...
-- Installing: /home/user/ros2_ws/src/citylab_project/install/robot_patrol/local/lib/python3.10/dist-packages/robot_patrol/robot_patrol_s__rosidl_typesupport_fastrtps_c.cpython-310-x86_64-linux-gnu.so
-- Set runtime path of "/home/user/ros2_ws/src/citylab_project/install/robot_patrol/local/lib/python3.10/dist-packages/robot_patrol/robot_patrol_s__rosidl_typesupport_fastrtps_c.cpython-310-x86_64-linux-gnu.so" to ""
-- Installing: /home/user/ros2_ws/src/citylab_project/install/robot_patrol/local/lib/python3.10/dist-packages/robot_patrol/robot_patrol_s__rosidl_typesupport_introspection_c.cpython-310-x86_64-linux-gnu.so
-- Set runtime path of "/home/user/ros2_ws/src/citylab_project/install/robot_patrol/local/lib/python3.10/dist-packages/robot_patrol/robot_patrol_s__rosidl_typesupport_introspection_c.cpython-310-x86_64-linux-gnu.so" to ""
-- Installing: /home/user/ros2_ws/src/citylab_project/install/robot_patrol/local/lib/python3.10/dist-packages/robot_patrol/robot_patrol_s__rosidl_typesupport_c.cpython-310-x86_64-linux-gnu.so
-- Set runtime path of "/home/user/ros2_ws/src/citylab_project/install/robot_patrol/local/lib/python3.10/dist-packages/robot_patrol/robot_patrol_s__rosidl_typesupport_c.cpython-310-x86_64-linux-gnu.so" to ""
-- Installing: /home/user/ros2_ws/src/citylab_project/install/robot_patrol/lib/librobot_patrol__rosidl_generator_py.so
-- Set runtime path of "/home/user/ros2_ws/src/citylab_project/install/robot_patrol/lib/librobot_patrol__rosidl_generator_py.so" to ""
-- Installing: /home/user/ros2_ws/src/citylab_project/install/robot_patrol/share/robot_patrol/action/GoToPose.idl
-- Installing: /home/user/ros2_ws/src/citylab_project/install/robot_patrol/share/robot_patrol/action/GoToPose.action
-- Up-to-date: /home/user/ros2_ws/src/citylab_project/install/robot_patrol/share/robot_patrol/launch
-- Installing: /home/user/ros2_ws/src/citylab_project/install/robot_patrol/share/robot_patrol/launch/main.launch.py
-- Installing: /home/user/ros2_ws/src/citylab_project/install/robot_patrol/share/robot_patrol/launch/start_direction_service.launch.py
-- Installing: /home/user/ros2_ws/src/citylab_project/install/robot_patrol/share/robot_patrol/launch/start_gotopose_action.launch.py
-- Installing: /home/user/ros2_ws/src/citylab_project/install/robot_patrol/share/robot_patrol/launch/start_test_service.launch.py
-- Up-to-date: /home/user/ros2_ws/src/citylab_project/install/robot_patrol/share/robot_patrol/launch/start_patrolling.launch.py
-- Up-to-date: /home/user/ros2_ws/src/citylab_project/install/robot_patrol/share/robot_patrol/rivz
-- Installing: /home/user/ros2_ws/src/citylab_project/install/robot_patrol/share/robot_patrol/rivz/virtualrvizconfig.rviz
-- Installing: /home/user/ros2_ws/src/citylab_project/install/robot_patrol/share/robot_patrol/rivz/realvizconfig.rviz
-- Installing: /home/user/ros2_ws/src/citylab_project/install/robot_patrol/share/ament_index/resource_index/package_run_dependencies/robot_patrol
-- Up-to-date: /home/user/ros2_ws/src/citylab_project/install/robot_patrol/share/ament_index/resource_index/parent_prefix_path/robot_patrol
-- Up-to-date: /home/user/ros2_ws/src/citylab_project/install/robot_patrol/share/robot_patrol/environment/ament_prefix_path.sh
-- Installing: /home/user/ros2_ws/src/citylab_project/install/robot_patrol/share/robot_patrol/environment/ament_prefix_path.dsv
-- Up-to-date: /home/user/ros2_ws/src/citylab_project/install/robot_patrol/share/robot_patrol/environment/path.sh
-- Installing: /home/user/ros2_ws/src/citylab_project/install/robot_patrol/share/robot_patrol/environment/path.dsv
-- Up-to-date: /home/user/ros2_ws/src/citylab_project/install/robot_patrol/share/robot_patrol/local_setup.bash
-- Installing: /home/user/ros2_ws/src/citylab_project/install/robot_patrol/share/robot_patrol/local_setup.sh
-- Up-to-date: /home/user/ros2_ws/src/citylab_project/install/robot_patrol/share/robot_patrol/local_setup.zsh
-- Installing: /home/user/ros2_ws/src/citylab_project/install/robot_patrol/share/robot_patrol/local_setup.dsv
-- Installing: /home/user/ros2_ws/src/citylab_project/install/robot_patrol/share/robot_patrol/package.dsv
-- Up-to-date: /home/user/ros2_ws/src/citylab_project/install/robot_patrol/share/ament_index/resource_index/packages/robot_patrol
-- Installing: /home/user/ros2_ws/src/citylab_project/install/robot_patrol/share/robot_patrol/cmake/export_robot_patrol__rosidl_generator_cExport.cmake
-- Installing: /home/user/ros2_ws/src/citylab_project/install/robot_patrol/share/robot_patrol/cmake/export_robot_patrol__rosidl_generator_cExport-noconfig.cmake
-- Installing: /home/user/ros2_ws/src/citylab_project/install/robot_patrol/share/robot_patrol/cmake/export_robot_patrol__rosidl_typesupport_fastrtps_cExport.cmake
-- Installing: /home/user/ros2_ws/src/citylab_project/install/robot_patrol/share/robot_patrol/cmake/export_robot_patrol__rosidl_typesupport_fastrtps_cExport-noconfig.cmake
-- Installing: /home/user/ros2_ws/src/citylab_project/install/robot_patrol/share/robot_patrol/cmake/export_robot_patrol__rosidl_generator_cppExport.cmake
-- Installing: /home/user/ros2_ws/src/citylab_project/install/robot_patrol/share/robot_patrol/cmake/export_robot_patrol__rosidl_typesupport_fastrtps_cppExport.cmake
-- Installing: /home/user/ros2_ws/src/citylab_project/install/robot_patrol/share/robot_patrol/cmake/export_robot_patrol__rosidl_typesupport_fastrtps_cppExport-noconfig.cmake
-- Installing: /home/user/ros2_ws/src/citylab_project/install/robot_patrol/share/robot_patrol/cmake/robot_patrol__rosidl_typesupport_introspection_cExport.cmake
-- Installing: /home/user/ros2_ws/src/citylab_project/install/robot_patrol/share/robot_patrol/cmake/robot_patrol__rosidl_typesupport_introspection_cExport-noconfig.cmake
-- Installing: /home/user/ros2_ws/src/citylab_project/install/robot_patrol/share/robot_patrol/cmake/robot_patrol__rosidl_typesupport_cExport.cmake
-- Installing: /home/user/ros2_ws/src/citylab_project/install/robot_patrol/share/robot_patrol/cmake/robot_patrol__rosidl_typesupport_cExport-noconfig.cmake
-- Installing: /home/user/ros2_ws/src/citylab_project/install/robot_patrol/share/robot_patrol/cmake/robot_patrol__rosidl_typesupport_introspection_cppExport.cmake
-- Installing: /home/user/ros2_ws/src/citylab_project/install/robot_patrol/share/robot_patrol/cmake/robot_patrol__rosidl_typesupport_introspection_cppExport-noconfig.cmake
-- Installing: /home/user/ros2_ws/src/citylab_project/install/robot_patrol/share/robot_patrol/cmake/robot_patrol__rosidl_typesupport_cppExport.cmake
-- Installing: /home/user/ros2_ws/src/citylab_project/install/robot_patrol/share/robot_patrol/cmake/robot_patrol__rosidl_typesupport_cppExport-noconfig.cmake
-- Installing: /home/user/ros2_ws/src/citylab_project/install/robot_patrol/share/robot_patrol/cmake/export_robot_patrol__rosidl_generator_pyExport.cmake
-- Installing: /home/user/ros2_ws/src/citylab_project/install/robot_patrol/share/robot_patrol/cmake/export_robot_patrol__rosidl_generator_pyExport-noconfig.cmake
-- Installing: /home/user/ros2_ws/src/citylab_project/install/robot_patrol/share/robot_patrol/cmake/rosidl_cmake-extras.cmake
-- Installing: /home/user/ros2_ws/src/citylab_project/install/robot_patrol/share/robot_patrol/cmake/ament_cmake_export_dependencies-extras.cmake
-- Installing: /home/user/ros2_ws/src/citylab_project/install/robot_patrol/share/robot_patrol/cmake/ament_cmake_export_include_directories-extras.cmake
-- Installing: /home/user/ros2_ws/src/citylab_project/install/robot_patrol/share/robot_patrol/cmake/ament_cmake_export_libraries-extras.cmake
-- Installing: /home/user/ros2_ws/src/citylab_project/install/robot_patrol/share/robot_patrol/cmake/ament_cmake_export_targets-extras.cmake
-- Installing: /home/user/ros2_ws/src/citylab_project/install/robot_patrol/share/robot_patrol/cmake/rosidl_cmake_export_typesupport_targets-extras.cmake
-- Installing: /home/user/ros2_ws/src/citylab_project/install/robot_patrol/share/robot_patrol/cmake/rosidl_cmake_export_typesupport_libraries-extras.cmake
-- Installing: /home/user/ros2_ws/src/citylab_project/install/robot_patrol/share/robot_patrol/cmake/robot_patrolConfig.cmake
-- Up-to-date: /home/user/ros2_ws/src/citylab_project/install/robot_patrol/share/robot_patrol/cmake/robot_patrolConfig-version.cmake
-- Up-to-date: /home/user/ros2_ws/src/citylab_project/install/robot_patrol/share/robot_patrol/package.xml
